[2019-03-20 11:38:34] local.ERROR: Symfony\Component\Console\Exception\CommandNotFoundException: Command "make:controller" is not defined.

Did you mean one of these?
    make:migration
    make:seeder in D:\WEB_Project\dev-test.com\vendor\symfony\console\Application.php:639
Stack trace:
#0 D:\WEB_Project\dev-test.com\vendor\symfony\console\Application.php(233): Symfony\Component\Console\Application->find('make:controller')
#1 D:\WEB_Project\dev-test.com\vendor\symfony\console\Application.php(145): Symfony\Component\Console\Application->doRun(Object(Symfony\Component\Console\Input\ArgvInput), Object(Symfony\Component\Console\Output\ConsoleOutput))
#2 D:\WEB_Project\dev-test.com\vendor\illuminate\console\Application.php(90): Symfony\Component\Console\Application->run(Object(Symfony\Component\Console\Input\ArgvInput), Object(Symfony\Component\Console\Output\ConsoleOutput))
#3 D:\WEB_Project\dev-test.com\vendor\laravel\lumen-framework\src\Console\Kernel.php(115): Illuminate\Console\Application->run(Object(Symfony\Component\Console\Input\ArgvInput), Object(Symfony\Component\Console\Output\ConsoleOutput))
#4 D:\WEB_Project\dev-test.com\artisan(35): Laravel\Lumen\Console\Kernel->handle(Object(Symfony\Component\Console\Input\ArgvInput), Object(Symfony\Component\Console\Output\ConsoleOutput))
#5 {main} {"exception":"[object] (Symfony\\Component\\Console\\Exception\\CommandNotFoundException(code: 0): Command \"make:controller\" is not defined.

Did you mean one of these?
    make:migration
    make:seeder at D:\\WEB_Project\\dev-test.com\\vendor\\symfony\\console\\Application.php:639)
[stacktrace]
#0 D:\\WEB_Project\\dev-test.com\\vendor\\symfony\\console\\Application.php(233): Symfony\\Component\\Console\\Application->find('make:controller')
#1 D:\\WEB_Project\\dev-test.com\\vendor\\symfony\\console\\Application.php(145): Symfony\\Component\\Console\\Application->doRun(Object(Symfony\\Component\\Console\\Input\\ArgvInput), Object(Symfony\\Component\\Console\\Output\\ConsoleOutput))
#2 D:\\WEB_Project\\dev-test.com\\vendor\\illuminate\\console\\Application.php(90): Symfony\\Component\\Console\\Application->run(Object(Symfony\\Component\\Console\\Input\\ArgvInput), Object(Symfony\\Component\\Console\\Output\\ConsoleOutput))
#3 D:\\WEB_Project\\dev-test.com\\vendor\\laravel\\lumen-framework\\src\\Console\\Kernel.php(115): Illuminate\\Console\\Application->run(Object(Symfony\\Component\\Console\\Input\\ArgvInput), Object(Symfony\\Component\\Console\\Output\\ConsoleOutput))
#4 D:\\WEB_Project\\dev-test.com\\artisan(35): Laravel\\Lumen\\Console\\Kernel->handle(Object(Symfony\\Component\\Console\\Input\\ArgvInput), Object(Symfony\\Component\\Console\\Output\\ConsoleOutput))
#5 {main}
"} 
[2019-03-20 11:52:15] local.ERROR: Symfony\Component\Debug\Exception\FatalThrowableError: syntax error, unexpected '@', expecting ',' or ')' in D:\WEB_Project\dev-test.com\routes\web.php:18
Stack trace:
#0 [internal function]: {closure}(Object(Laravel\Lumen\Routing\Router))
#1 D:\WEB_Project\dev-test.com\vendor\laravel\lumen-framework\src\Routing\Router.php(62): call_user_func(Object(Closure), Object(Laravel\Lumen\Routing\Router))
#2 D:\WEB_Project\dev-test.com\bootstrap\app.php(98): Laravel\Lumen\Routing\Router->group(Array, Object(Closure))
#3 D:\WEB_Project\dev-test.com\public\index.php(14): require('D:\\WEB_Project\\...')
#4 {main} {"exception":"[object] (Symfony\\Component\\Debug\\Exception\\FatalThrowableError(code: 0): syntax error, unexpected '@', expecting ',' or ')' at D:\\WEB_Project\\dev-test.com\outes\\web.php:18)
[stacktrace]
#0 [internal function]: {closure}(Object(Laravel\\Lumen\\Routing\\Router))
#1 D:\\WEB_Project\\dev-test.com\\vendor\\laravel\\lumen-framework\\src\\Routing\\Router.php(62): call_user_func(Object(Closure), Object(Laravel\\Lumen\\Routing\\Router))
#2 D:\\WEB_Project\\dev-test.com\\bootstrap\\app.php(98): Laravel\\Lumen\\Routing\\Router->group(Array, Object(Closure))
#3 D:\\WEB_Project\\dev-test.com\\public\\index.php(14): require('D:\\\\WEB_Project\\\\...')
#4 {main}
"} 
[2019-03-20 11:54:15] local.ERROR: ReflectionException: Class IndexController does not exist in D:\WEB_Project\dev-test.com\vendor\illuminate\container\Container.php:794
Stack trace:
#0 D:\WEB_Project\dev-test.com\vendor\illuminate\container\Container.php(794): ReflectionClass->__construct('IndexController')
#1 D:\WEB_Project\dev-test.com\vendor\illuminate\container\Container.php(671): Illuminate\Container\Container->build('IndexController')
#2 D:\WEB_Project\dev-test.com\vendor\illuminate\container\Container.php(619): Illuminate\Container\Container->resolve('IndexController', Array)
#3 D:\WEB_Project\dev-test.com\vendor\laravel\lumen-framework\src\Application.php(260): Illuminate\Container\Container->make('IndexController', Array)
#4 D:\WEB_Project\dev-test.com\vendor\illuminate\container\Container.php(1233): Laravel\Lumen\Application->make('IndexController')
#5 D:\WEB_Project\dev-test.com\vendor\illuminate\container\Container.php(1269): Illuminate\Container\Container->offsetGet('IndexController')
#6 D:\WEB_Project\dev-test.com\routes\web.php(19): Illuminate\Container\Container->__get('IndexController')
#7 [internal function]: Closure->{closure}()
#8 D:\WEB_Project\dev-test.com\vendor\illuminate\container\BoundMethod.php(32): call_user_func_array(Object(Closure), Array)
#9 D:\WEB_Project\dev-test.com\vendor\illuminate\container\BoundMethod.php(78): Illuminate\Container\BoundMethod::Illuminate\Container\{closure}()
#10 D:\WEB_Project\dev-test.com\vendor\illuminate\container\BoundMethod.php(34): Illuminate\Container\BoundMethod::callBoundMethod(Object(Laravel\Lumen\Application), Object(Closure), Object(Closure))
#11 D:\WEB_Project\dev-test.com\vendor\illuminate\container\Container.php(580): Illuminate\Container\BoundMethod::call(Object(Laravel\Lumen\Application), Object(Closure), Array, NULL)
#12 D:\WEB_Project\dev-test.com\vendor\laravel\lumen-framework\src\Concerns\RoutesRequests.php(289): Illuminate\Container\Container->call(Object(Closure), Array)
#13 D:\WEB_Project\dev-test.com\vendor\laravel\lumen-framework\src\Concerns\RoutesRequests.php(263): Laravel\Lumen\Application->callActionOnArrayBasedRoute(Array)
#14 D:\WEB_Project\dev-test.com\vendor\laravel\lumen-framework\src\Concerns\RoutesRequests.php(165): Laravel\Lumen\Application->handleFoundRoute(Array)
#15 D:\WEB_Project\dev-test.com\vendor\laravel\lumen-framework\src\Concerns\RoutesRequests.php(416): Laravel\Lumen\Application->Laravel\Lumen\Concerns\{closure}(Object(Laravel\Lumen\Http\Request))
#16 D:\WEB_Project\dev-test.com\vendor\laravel\lumen-framework\src\Concerns\RoutesRequests.php(171): Laravel\Lumen\Application->sendThroughPipeline(Array, Object(Closure))
#17 D:\WEB_Project\dev-test.com\vendor\laravel\lumen-framework\src\Concerns\RoutesRequests.php(108): Laravel\Lumen\Application->dispatch(NULL)
#18 D:\WEB_Project\dev-test.com\public\index.php(28): Laravel\Lumen\Application->run()
#19 {main} {"exception":"[object] (ReflectionException(code: -1): Class IndexController does not exist at D:\\WEB_Project\\dev-test.com\\vendor\\illuminate\\container\\Container.php:794)
[stacktrace]
#0 D:\\WEB_Project\\dev-test.com\\vendor\\illuminate\\container\\Container.php(794): ReflectionClass->__construct('IndexController')
#1 D:\\WEB_Project\\dev-test.com\\vendor\\illuminate\\container\\Container.php(671): Illuminate\\Container\\Container->build('IndexController')
#2 D:\\WEB_Project\\dev-test.com\\vendor\\illuminate\\container\\Container.php(619): Illuminate\\Container\\Container->resolve('IndexController', Array)
#3 D:\\WEB_Project\\dev-test.com\\vendor\\laravel\\lumen-framework\\src\\Application.php(260): Illuminate\\Container\\Container->make('IndexController', Array)
#4 D:\\WEB_Project\\dev-test.com\\vendor\\illuminate\\container\\Container.php(1233): Laravel\\Lumen\\Application->make('IndexController')
#5 D:\\WEB_Project\\dev-test.com\\vendor\\illuminate\\container\\Container.php(1269): Illuminate\\Container\\Container->offsetGet('IndexController')
#6 D:\\WEB_Project\\dev-test.com\outes\\web.php(19): Illuminate\\Container\\Container->__get('IndexController')
#7 [internal function]: Closure->{closure}()
#8 D:\\WEB_Project\\dev-test.com\\vendor\\illuminate\\container\\BoundMethod.php(32): call_user_func_array(Object(Closure), Array)
#9 D:\\WEB_Project\\dev-test.com\\vendor\\illuminate\\container\\BoundMethod.php(78): Illuminate\\Container\\BoundMethod::Illuminate\\Container\\{closure}()
#10 D:\\WEB_Project\\dev-test.com\\vendor\\illuminate\\container\\BoundMethod.php(34): Illuminate\\Container\\BoundMethod::callBoundMethod(Object(Laravel\\Lumen\\Application), Object(Closure), Object(Closure))
#11 D:\\WEB_Project\\dev-test.com\\vendor\\illuminate\\container\\Container.php(580): Illuminate\\Container\\BoundMethod::call(Object(Laravel\\Lumen\\Application), Object(Closure), Array, NULL)
#12 D:\\WEB_Project\\dev-test.com\\vendor\\laravel\\lumen-framework\\src\\Concerns\\RoutesRequests.php(289): Illuminate\\Container\\Container->call(Object(Closure), Array)
#13 D:\\WEB_Project\\dev-test.com\\vendor\\laravel\\lumen-framework\\src\\Concerns\\RoutesRequests.php(263): Laravel\\Lumen\\Application->callActionOnArrayBasedRoute(Array)
#14 D:\\WEB_Project\\dev-test.com\\vendor\\laravel\\lumen-framework\\src\\Concerns\\RoutesRequests.php(165): Laravel\\Lumen\\Application->handleFoundRoute(Array)
#15 D:\\WEB_Project\\dev-test.com\\vendor\\laravel\\lumen-framework\\src\\Concerns\\RoutesRequests.php(416): Laravel\\Lumen\\Application->Laravel\\Lumen\\Concerns\\{closure}(Object(Laravel\\Lumen\\Http\\Request))
#16 D:\\WEB_Project\\dev-test.com\\vendor\\laravel\\lumen-framework\\src\\Concerns\\RoutesRequests.php(171): Laravel\\Lumen\\Application->sendThroughPipeline(Array, Object(Closure))
#17 D:\\WEB_Project\\dev-test.com\\vendor\\laravel\\lumen-framework\\src\\Concerns\\RoutesRequests.php(108): Laravel\\Lumen\\Application->dispatch(NULL)
#18 D:\\WEB_Project\\dev-test.com\\public\\index.php(28): Laravel\\Lumen\\Application->run()
#19 {main}
"} 
[2019-03-20 11:54:16] local.ERROR: ReflectionException: Class IndexController does not exist in D:\WEB_Project\dev-test.com\vendor\illuminate\container\Container.php:794
Stack trace:
#0 D:\WEB_Project\dev-test.com\vendor\illuminate\container\Container.php(794): ReflectionClass->__construct('IndexController')
#1 D:\WEB_Project\dev-test.com\vendor\illuminate\container\Container.php(671): Illuminate\Container\Container->build('IndexController')
#2 D:\WEB_Project\dev-test.com\vendor\illuminate\container\Container.php(619): Illuminate\Container\Container->resolve('IndexController', Array)
#3 D:\WEB_Project\dev-test.com\vendor\laravel\lumen-framework\src\Application.php(260): Illuminate\Container\Container->make('IndexController', Array)
#4 D:\WEB_Project\dev-test.com\vendor\illuminate\container\Container.php(1233): Laravel\Lumen\Application->make('IndexController')
#5 D:\WEB_Project\dev-test.com\vendor\illuminate\container\Container.php(1269): Illuminate\Container\Container->offsetGet('IndexController')
#6 D:\WEB_Project\dev-test.com\routes\web.php(19): Illuminate\Container\Container->__get('IndexController')
#7 [internal function]: Closure->{closure}()
#8 D:\WEB_Project\dev-test.com\vendor\illuminate\container\BoundMethod.php(32): call_user_func_array(Object(Closure), Array)
#9 D:\WEB_Project\dev-test.com\vendor\illuminate\container\BoundMethod.php(78): Illuminate\Container\BoundMethod::Illuminate\Container\{closure}()
#10 D:\WEB_Project\dev-test.com\vendor\illuminate\container\BoundMethod.php(34): Illuminate\Container\BoundMethod::callBoundMethod(Object(Laravel\Lumen\Application), Object(Closure), Object(Closure))
#11 D:\WEB_Project\dev-test.com\vendor\illuminate\container\Container.php(580): Illuminate\Container\BoundMethod::call(Object(Laravel\Lumen\Application), Object(Closure), Array, NULL)
#12 D:\WEB_Project\dev-test.com\vendor\laravel\lumen-framework\src\Concerns\RoutesRequests.php(289): Illuminate\Container\Container->call(Object(Closure), Array)
#13 D:\WEB_Project\dev-test.com\vendor\laravel\lumen-framework\src\Concerns\RoutesRequests.php(263): Laravel\Lumen\Application->callActionOnArrayBasedRoute(Array)
#14 D:\WEB_Project\dev-test.com\vendor\laravel\lumen-framework\src\Concerns\RoutesRequests.php(165): Laravel\Lumen\Application->handleFoundRoute(Array)
#15 D:\WEB_Project\dev-test.com\vendor\laravel\lumen-framework\src\Concerns\RoutesRequests.php(416): Laravel\Lumen\Application->Laravel\Lumen\Concerns\{closure}(Object(Laravel\Lumen\Http\Request))
#16 D:\WEB_Project\dev-test.com\vendor\laravel\lumen-framework\src\Concerns\RoutesRequests.php(171): Laravel\Lumen\Application->sendThroughPipeline(Array, Object(Closure))
#17 D:\WEB_Project\dev-test.com\vendor\laravel\lumen-framework\src\Concerns\RoutesRequests.php(108): Laravel\Lumen\Application->dispatch(NULL)
#18 D:\WEB_Project\dev-test.com\public\index.php(28): Laravel\Lumen\Application->run()
#19 {main} {"exception":"[object] (ReflectionException(code: -1): Class IndexController does not exist at D:\\WEB_Project\\dev-test.com\\vendor\\illuminate\\container\\Container.php:794)
[stacktrace]
#0 D:\\WEB_Project\\dev-test.com\\vendor\\illuminate\\container\\Container.php(794): ReflectionClass->__construct('IndexController')
#1 D:\\WEB_Project\\dev-test.com\\vendor\\illuminate\\container\\Container.php(671): Illuminate\\Container\\Container->build('IndexController')
#2 D:\\WEB_Project\\dev-test.com\\vendor\\illuminate\\container\\Container.php(619): Illuminate\\Container\\Container->resolve('IndexController', Array)
#3 D:\\WEB_Project\\dev-test.com\\vendor\\laravel\\lumen-framework\\src\\Application.php(260): Illuminate\\Container\\Container->make('IndexController', Array)
#4 D:\\WEB_Project\\dev-test.com\\vendor\\illuminate\\container\\Container.php(1233): Laravel\\Lumen\\Application->make('IndexController')
#5 D:\\WEB_Project\\dev-test.com\\vendor\\illuminate\\container\\Container.php(1269): Illuminate\\Container\\Container->offsetGet('IndexController')
#6 D:\\WEB_Project\\dev-test.com\outes\\web.php(19): Illuminate\\Container\\Container->__get('IndexController')
#7 [internal function]: Closure->{closure}()
#8 D:\\WEB_Project\\dev-test.com\\vendor\\illuminate\\container\\BoundMethod.php(32): call_user_func_array(Object(Closure), Array)
#9 D:\\WEB_Project\\dev-test.com\\vendor\\illuminate\\container\\BoundMethod.php(78): Illuminate\\Container\\BoundMethod::Illuminate\\Container\\{closure}()
#10 D:\\WEB_Project\\dev-test.com\\vendor\\illuminate\\container\\BoundMethod.php(34): Illuminate\\Container\\BoundMethod::callBoundMethod(Object(Laravel\\Lumen\\Application), Object(Closure), Object(Closure))
#11 D:\\WEB_Project\\dev-test.com\\vendor\\illuminate\\container\\Container.php(580): Illuminate\\Container\\BoundMethod::call(Object(Laravel\\Lumen\\Application), Object(Closure), Array, NULL)
#12 D:\\WEB_Project\\dev-test.com\\vendor\\laravel\\lumen-framework\\src\\Concerns\\RoutesRequests.php(289): Illuminate\\Container\\Container->call(Object(Closure), Array)
#13 D:\\WEB_Project\\dev-test.com\\vendor\\laravel\\lumen-framework\\src\\Concerns\\RoutesRequests.php(263): Laravel\\Lumen\\Application->callActionOnArrayBasedRoute(Array)
#14 D:\\WEB_Project\\dev-test.com\\vendor\\laravel\\lumen-framework\\src\\Concerns\\RoutesRequests.php(165): Laravel\\Lumen\\Application->handleFoundRoute(Array)
#15 D:\\WEB_Project\\dev-test.com\\vendor\\laravel\\lumen-framework\\src\\Concerns\\RoutesRequests.php(416): Laravel\\Lumen\\Application->Laravel\\Lumen\\Concerns\\{closure}(Object(Laravel\\Lumen\\Http\\Request))
#16 D:\\WEB_Project\\dev-test.com\\vendor\\laravel\\lumen-framework\\src\\Concerns\\RoutesRequests.php(171): Laravel\\Lumen\\Application->sendThroughPipeline(Array, Object(Closure))
#17 D:\\WEB_Project\\dev-test.com\\vendor\\laravel\\lumen-framework\\src\\Concerns\\RoutesRequests.php(108): Laravel\\Lumen\\Application->dispatch(NULL)
#18 D:\\WEB_Project\\dev-test.com\\public\\index.php(28): Laravel\\Lumen\\Application->run()
#19 {main}
"} 
[2019-03-20 11:54:17] local.ERROR: ReflectionException: Class IndexController does not exist in D:\WEB_Project\dev-test.com\vendor\illuminate\container\Container.php:794
Stack trace:
#0 D:\WEB_Project\dev-test.com\vendor\illuminate\container\Container.php(794): ReflectionClass->__construct('IndexController')
#1 D:\WEB_Project\dev-test.com\vendor\illuminate\container\Container.php(671): Illuminate\Container\Container->build('IndexController')
#2 D:\WEB_Project\dev-test.com\vendor\illuminate\container\Container.php(619): Illuminate\Container\Container->resolve('IndexController', Array)
#3 D:\WEB_Project\dev-test.com\vendor\laravel\lumen-framework\src\Application.php(260): Illuminate\Container\Container->make('IndexController', Array)
#4 D:\WEB_Project\dev-test.com\vendor\illuminate\container\Container.php(1233): Laravel\Lumen\Application->make('IndexController')
#5 D:\WEB_Project\dev-test.com\vendor\illuminate\container\Container.php(1269): Illuminate\Container\Container->offsetGet('IndexController')
#6 D:\WEB_Project\dev-test.com\routes\web.php(19): Illuminate\Container\Container->__get('IndexController')
#7 [internal function]: Closure->{closure}()
#8 D:\WEB_Project\dev-test.com\vendor\illuminate\container\BoundMethod.php(32): call_user_func_array(Object(Closure), Array)
#9 D:\WEB_Project\dev-test.com\vendor\illuminate\container\BoundMethod.php(78): Illuminate\Container\BoundMethod::Illuminate\Container\{closure}()
#10 D:\WEB_Project\dev-test.com\vendor\illuminate\container\BoundMethod.php(34): Illuminate\Container\BoundMethod::callBoundMethod(Object(Laravel\Lumen\Application), Object(Closure), Object(Closure))
#11 D:\WEB_Project\dev-test.com\vendor\illuminate\container\Container.php(580): Illuminate\Container\BoundMethod::call(Object(Laravel\Lumen\Application), Object(Closure), Array, NULL)
#12 D:\WEB_Project\dev-test.com\vendor\laravel\lumen-framework\src\Concerns\RoutesRequests.php(289): Illuminate\Container\Container->call(Object(Closure), Array)
#13 D:\WEB_Project\dev-test.com\vendor\laravel\lumen-framework\src\Concerns\RoutesRequests.php(263): Laravel\Lumen\Application->callActionOnArrayBasedRoute(Array)
#14 D:\WEB_Project\dev-test.com\vendor\laravel\lumen-framework\src\Concerns\RoutesRequests.php(165): Laravel\Lumen\Application->handleFoundRoute(Array)
#15 D:\WEB_Project\dev-test.com\vendor\laravel\lumen-framework\src\Concerns\RoutesRequests.php(416): Laravel\Lumen\Application->Laravel\Lumen\Concerns\{closure}(Object(Laravel\Lumen\Http\Request))
#16 D:\WEB_Project\dev-test.com\vendor\laravel\lumen-framework\src\Concerns\RoutesRequests.php(171): Laravel\Lumen\Application->sendThroughPipeline(Array, Object(Closure))
#17 D:\WEB_Project\dev-test.com\vendor\laravel\lumen-framework\src\Concerns\RoutesRequests.php(108): Laravel\Lumen\Application->dispatch(NULL)
#18 D:\WEB_Project\dev-test.com\public\index.php(28): Laravel\Lumen\Application->run()
#19 {main} {"exception":"[object] (ReflectionException(code: -1): Class IndexController does not exist at D:\\WEB_Project\\dev-test.com\\vendor\\illuminate\\container\\Container.php:794)
[stacktrace]
#0 D:\\WEB_Project\\dev-test.com\\vendor\\illuminate\\container\\Container.php(794): ReflectionClass->__construct('IndexController')
#1 D:\\WEB_Project\\dev-test.com\\vendor\\illuminate\\container\\Container.php(671): Illuminate\\Container\\Container->build('IndexController')
#2 D:\\WEB_Project\\dev-test.com\\vendor\\illuminate\\container\\Container.php(619): Illuminate\\Container\\Container->resolve('IndexController', Array)
#3 D:\\WEB_Project\\dev-test.com\\vendor\\laravel\\lumen-framework\\src\\Application.php(260): Illuminate\\Container\\Container->make('IndexController', Array)
#4 D:\\WEB_Project\\dev-test.com\\vendor\\illuminate\\container\\Container.php(1233): Laravel\\Lumen\\Application->make('IndexController')
#5 D:\\WEB_Project\\dev-test.com\\vendor\\illuminate\\container\\Container.php(1269): Illuminate\\Container\\Container->offsetGet('IndexController')
#6 D:\\WEB_Project\\dev-test.com\outes\\web.php(19): Illuminate\\Container\\Container->__get('IndexController')
#7 [internal function]: Closure->{closure}()
#8 D:\\WEB_Project\\dev-test.com\\vendor\\illuminate\\container\\BoundMethod.php(32): call_user_func_array(Object(Closure), Array)
#9 D:\\WEB_Project\\dev-test.com\\vendor\\illuminate\\container\\BoundMethod.php(78): Illuminate\\Container\\BoundMethod::Illuminate\\Container\\{closure}()
#10 D:\\WEB_Project\\dev-test.com\\vendor\\illuminate\\container\\BoundMethod.php(34): Illuminate\\Container\\BoundMethod::callBoundMethod(Object(Laravel\\Lumen\\Application), Object(Closure), Object(Closure))
#11 D:\\WEB_Project\\dev-test.com\\vendor\\illuminate\\container\\Container.php(580): Illuminate\\Container\\BoundMethod::call(Object(Laravel\\Lumen\\Application), Object(Closure), Array, NULL)
#12 D:\\WEB_Project\\dev-test.com\\vendor\\laravel\\lumen-framework\\src\\Concerns\\RoutesRequests.php(289): Illuminate\\Container\\Container->call(Object(Closure), Array)
#13 D:\\WEB_Project\\dev-test.com\\vendor\\laravel\\lumen-framework\\src\\Concerns\\RoutesRequests.php(263): Laravel\\Lumen\\Application->callActionOnArrayBasedRoute(Array)
#14 D:\\WEB_Project\\dev-test.com\\vendor\\laravel\\lumen-framework\\src\\Concerns\\RoutesRequests.php(165): Laravel\\Lumen\\Application->handleFoundRoute(Array)
#15 D:\\WEB_Project\\dev-test.com\\vendor\\laravel\\lumen-framework\\src\\Concerns\\RoutesRequests.php(416): Laravel\\Lumen\\Application->Laravel\\Lumen\\Concerns\\{closure}(Object(Laravel\\Lumen\\Http\\Request))
#16 D:\\WEB_Project\\dev-test.com\\vendor\\laravel\\lumen-framework\\src\\Concerns\\RoutesRequests.php(171): Laravel\\Lumen\\Application->sendThroughPipeline(Array, Object(Closure))
#17 D:\\WEB_Project\\dev-test.com\\vendor\\laravel\\lumen-framework\\src\\Concerns\\RoutesRequests.php(108): Laravel\\Lumen\\Application->dispatch(NULL)
#18 D:\\WEB_Project\\dev-test.com\\public\\index.php(28): Laravel\\Lumen\\Application->run()
#19 {main}
"} 
[2019-03-20 11:55:31] local.ERROR: ReflectionException: Class IndexController does not exist in D:\WEB_Project\dev-test.com\vendor\illuminate\container\Container.php:794
Stack trace:
#0 D:\WEB_Project\dev-test.com\vendor\illuminate\container\Container.php(794): ReflectionClass->__construct('IndexController')
#1 D:\WEB_Project\dev-test.com\vendor\illuminate\container\Container.php(671): Illuminate\Container\Container->build('IndexController')
#2 D:\WEB_Project\dev-test.com\vendor\illuminate\container\Container.php(619): Illuminate\Container\Container->resolve('IndexController', Array)
#3 D:\WEB_Project\dev-test.com\vendor\laravel\lumen-framework\src\Application.php(260): Illuminate\Container\Container->make('IndexController', Array)
#4 D:\WEB_Project\dev-test.com\vendor\illuminate\container\Container.php(1233): Laravel\Lumen\Application->make('IndexController')
#5 D:\WEB_Project\dev-test.com\vendor\illuminate\container\Container.php(1269): Illuminate\Container\Container->offsetGet('IndexController')
#6 D:\WEB_Project\dev-test.com\routes\web.php(19): Illuminate\Container\Container->__get('IndexController')
#7 [internal function]: Closure->{closure}()
#8 D:\WEB_Project\dev-test.com\vendor\illuminate\container\BoundMethod.php(32): call_user_func_array(Object(Closure), Array)
#9 D:\WEB_Project\dev-test.com\vendor\illuminate\container\BoundMethod.php(78): Illuminate\Container\BoundMethod::Illuminate\Container\{closure}()
#10 D:\WEB_Project\dev-test.com\vendor\illuminate\container\BoundMethod.php(34): Illuminate\Container\BoundMethod::callBoundMethod(Object(Laravel\Lumen\Application), Object(Closure), Object(Closure))
#11 D:\WEB_Project\dev-test.com\vendor\illuminate\container\Container.php(580): Illuminate\Container\BoundMethod::call(Object(Laravel\Lumen\Application), Object(Closure), Array, NULL)
#12 D:\WEB_Project\dev-test.com\vendor\laravel\lumen-framework\src\Concerns\RoutesRequests.php(289): Illuminate\Container\Container->call(Object(Closure), Array)
#13 D:\WEB_Project\dev-test.com\vendor\laravel\lumen-framework\src\Concerns\RoutesRequests.php(263): Laravel\Lumen\Application->callActionOnArrayBasedRoute(Array)
#14 D:\WEB_Project\dev-test.com\vendor\laravel\lumen-framework\src\Concerns\RoutesRequests.php(165): Laravel\Lumen\Application->handleFoundRoute(Array)
#15 D:\WEB_Project\dev-test.com\vendor\laravel\lumen-framework\src\Concerns\RoutesRequests.php(416): Laravel\Lumen\Application->Laravel\Lumen\Concerns\{closure}(Object(Laravel\Lumen\Http\Request))
#16 D:\WEB_Project\dev-test.com\vendor\laravel\lumen-framework\src\Concerns\RoutesRequests.php(171): Laravel\Lumen\Application->sendThroughPipeline(Array, Object(Closure))
#17 D:\WEB_Project\dev-test.com\vendor\laravel\lumen-framework\src\Concerns\RoutesRequests.php(108): Laravel\Lumen\Application->dispatch(NULL)
#18 D:\WEB_Project\dev-test.com\public\index.php(28): Laravel\Lumen\Application->run()
#19 {main} {"exception":"[object] (ReflectionException(code: -1): Class IndexController does not exist at D:\\WEB_Project\\dev-test.com\\vendor\\illuminate\\container\\Container.php:794)
[stacktrace]
#0 D:\\WEB_Project\\dev-test.com\\vendor\\illuminate\\container\\Container.php(794): ReflectionClass->__construct('IndexController')
#1 D:\\WEB_Project\\dev-test.com\\vendor\\illuminate\\container\\Container.php(671): Illuminate\\Container\\Container->build('IndexController')
#2 D:\\WEB_Project\\dev-test.com\\vendor\\illuminate\\container\\Container.php(619): Illuminate\\Container\\Container->resolve('IndexController', Array)
#3 D:\\WEB_Project\\dev-test.com\\vendor\\laravel\\lumen-framework\\src\\Application.php(260): Illuminate\\Container\\Container->make('IndexController', Array)
#4 D:\\WEB_Project\\dev-test.com\\vendor\\illuminate\\container\\Container.php(1233): Laravel\\Lumen\\Application->make('IndexController')
#5 D:\\WEB_Project\\dev-test.com\\vendor\\illuminate\\container\\Container.php(1269): Illuminate\\Container\\Container->offsetGet('IndexController')
#6 D:\\WEB_Project\\dev-test.com\outes\\web.php(19): Illuminate\\Container\\Container->__get('IndexController')
#7 [internal function]: Closure->{closure}()
#8 D:\\WEB_Project\\dev-test.com\\vendor\\illuminate\\container\\BoundMethod.php(32): call_user_func_array(Object(Closure), Array)
#9 D:\\WEB_Project\\dev-test.com\\vendor\\illuminate\\container\\BoundMethod.php(78): Illuminate\\Container\\BoundMethod::Illuminate\\Container\\{closure}()
#10 D:\\WEB_Project\\dev-test.com\\vendor\\illuminate\\container\\BoundMethod.php(34): Illuminate\\Container\\BoundMethod::callBoundMethod(Object(Laravel\\Lumen\\Application), Object(Closure), Object(Closure))
#11 D:\\WEB_Project\\dev-test.com\\vendor\\illuminate\\container\\Container.php(580): Illuminate\\Container\\BoundMethod::call(Object(Laravel\\Lumen\\Application), Object(Closure), Array, NULL)
#12 D:\\WEB_Project\\dev-test.com\\vendor\\laravel\\lumen-framework\\src\\Concerns\\RoutesRequests.php(289): Illuminate\\Container\\Container->call(Object(Closure), Array)
#13 D:\\WEB_Project\\dev-test.com\\vendor\\laravel\\lumen-framework\\src\\Concerns\\RoutesRequests.php(263): Laravel\\Lumen\\Application->callActionOnArrayBasedRoute(Array)
#14 D:\\WEB_Project\\dev-test.com\\vendor\\laravel\\lumen-framework\\src\\Concerns\\RoutesRequests.php(165): Laravel\\Lumen\\Application->handleFoundRoute(Array)
#15 D:\\WEB_Project\\dev-test.com\\vendor\\laravel\\lumen-framework\\src\\Concerns\\RoutesRequests.php(416): Laravel\\Lumen\\Application->Laravel\\Lumen\\Concerns\\{closure}(Object(Laravel\\Lumen\\Http\\Request))
#16 D:\\WEB_Project\\dev-test.com\\vendor\\laravel\\lumen-framework\\src\\Concerns\\RoutesRequests.php(171): Laravel\\Lumen\\Application->sendThroughPipeline(Array, Object(Closure))
#17 D:\\WEB_Project\\dev-test.com\\vendor\\laravel\\lumen-framework\\src\\Concerns\\RoutesRequests.php(108): Laravel\\Lumen\\Application->dispatch(NULL)
#18 D:\\WEB_Project\\dev-test.com\\public\\index.php(28): Laravel\\Lumen\\Application->run()
#19 {main}
"} 
[2019-03-20 11:57:38] local.ERROR: ReflectionException: Class IndexController does not exist in D:\WEB_Project\dev-test.com\vendor\illuminate\container\Container.php:794
Stack trace:
#0 D:\WEB_Project\dev-test.com\vendor\illuminate\container\Container.php(794): ReflectionClass->__construct('IndexController')
#1 D:\WEB_Project\dev-test.com\vendor\illuminate\container\Container.php(671): Illuminate\Container\Container->build('IndexController')
#2 D:\WEB_Project\dev-test.com\vendor\illuminate\container\Container.php(619): Illuminate\Container\Container->resolve('IndexController', Array)
#3 D:\WEB_Project\dev-test.com\vendor\laravel\lumen-framework\src\Application.php(260): Illuminate\Container\Container->make('IndexController', Array)
#4 D:\WEB_Project\dev-test.com\vendor\illuminate\container\Container.php(1233): Laravel\Lumen\Application->make('IndexController')
#5 D:\WEB_Project\dev-test.com\vendor\illuminate\container\Container.php(1269): Illuminate\Container\Container->offsetGet('IndexController')
#6 D:\WEB_Project\dev-test.com\routes\web.php(19): Illuminate\Container\Container->__get('IndexController')
#7 [internal function]: Closure->{closure}()
#8 D:\WEB_Project\dev-test.com\vendor\illuminate\container\BoundMethod.php(32): call_user_func_array(Object(Closure), Array)
#9 D:\WEB_Project\dev-test.com\vendor\illuminate\container\BoundMethod.php(78): Illuminate\Container\BoundMethod::Illuminate\Container\{closure}()
#10 D:\WEB_Project\dev-test.com\vendor\illuminate\container\BoundMethod.php(34): Illuminate\Container\BoundMethod::callBoundMethod(Object(Laravel\Lumen\Application), Object(Closure), Object(Closure))
#11 D:\WEB_Project\dev-test.com\vendor\illuminate\container\Container.php(580): Illuminate\Container\BoundMethod::call(Object(Laravel\Lumen\Application), Object(Closure), Array, NULL)
#12 D:\WEB_Project\dev-test.com\vendor\laravel\lumen-framework\src\Concerns\RoutesRequests.php(289): Illuminate\Container\Container->call(Object(Closure), Array)
#13 D:\WEB_Project\dev-test.com\vendor\laravel\lumen-framework\src\Concerns\RoutesRequests.php(263): Laravel\Lumen\Application->callActionOnArrayBasedRoute(Array)
#14 D:\WEB_Project\dev-test.com\vendor\laravel\lumen-framework\src\Concerns\RoutesRequests.php(165): Laravel\Lumen\Application->handleFoundRoute(Array)
#15 D:\WEB_Project\dev-test.com\vendor\laravel\lumen-framework\src\Concerns\RoutesRequests.php(416): Laravel\Lumen\Application->Laravel\Lumen\Concerns\{closure}(Object(Laravel\Lumen\Http\Request))
#16 D:\WEB_Project\dev-test.com\vendor\laravel\lumen-framework\src\Concerns\RoutesRequests.php(171): Laravel\Lumen\Application->sendThroughPipeline(Array, Object(Closure))
#17 D:\WEB_Project\dev-test.com\vendor\laravel\lumen-framework\src\Concerns\RoutesRequests.php(108): Laravel\Lumen\Application->dispatch(NULL)
#18 D:\WEB_Project\dev-test.com\public\index.php(28): Laravel\Lumen\Application->run()
#19 {main} {"exception":"[object] (ReflectionException(code: -1): Class IndexController does not exist at D:\\WEB_Project\\dev-test.com\\vendor\\illuminate\\container\\Container.php:794)
[stacktrace]
#0 D:\\WEB_Project\\dev-test.com\\vendor\\illuminate\\container\\Container.php(794): ReflectionClass->__construct('IndexController')
#1 D:\\WEB_Project\\dev-test.com\\vendor\\illuminate\\container\\Container.php(671): Illuminate\\Container\\Container->build('IndexController')
#2 D:\\WEB_Project\\dev-test.com\\vendor\\illuminate\\container\\Container.php(619): Illuminate\\Container\\Container->resolve('IndexController', Array)
#3 D:\\WEB_Project\\dev-test.com\\vendor\\laravel\\lumen-framework\\src\\Application.php(260): Illuminate\\Container\\Container->make('IndexController', Array)
#4 D:\\WEB_Project\\dev-test.com\\vendor\\illuminate\\container\\Container.php(1233): Laravel\\Lumen\\Application->make('IndexController')
#5 D:\\WEB_Project\\dev-test.com\\vendor\\illuminate\\container\\Container.php(1269): Illuminate\\Container\\Container->offsetGet('IndexController')
#6 D:\\WEB_Project\\dev-test.com\outes\\web.php(19): Illuminate\\Container\\Container->__get('IndexController')
#7 [internal function]: Closure->{closure}()
#8 D:\\WEB_Project\\dev-test.com\\vendor\\illuminate\\container\\BoundMethod.php(32): call_user_func_array(Object(Closure), Array)
#9 D:\\WEB_Project\\dev-test.com\\vendor\\illuminate\\container\\BoundMethod.php(78): Illuminate\\Container\\BoundMethod::Illuminate\\Container\\{closure}()
#10 D:\\WEB_Project\\dev-test.com\\vendor\\illuminate\\container\\BoundMethod.php(34): Illuminate\\Container\\BoundMethod::callBoundMethod(Object(Laravel\\Lumen\\Application), Object(Closure), Object(Closure))
#11 D:\\WEB_Project\\dev-test.com\\vendor\\illuminate\\container\\Container.php(580): Illuminate\\Container\\BoundMethod::call(Object(Laravel\\Lumen\\Application), Object(Closure), Array, NULL)
#12 D:\\WEB_Project\\dev-test.com\\vendor\\laravel\\lumen-framework\\src\\Concerns\\RoutesRequests.php(289): Illuminate\\Container\\Container->call(Object(Closure), Array)
#13 D:\\WEB_Project\\dev-test.com\\vendor\\laravel\\lumen-framework\\src\\Concerns\\RoutesRequests.php(263): Laravel\\Lumen\\Application->callActionOnArrayBasedRoute(Array)
#14 D:\\WEB_Project\\dev-test.com\\vendor\\laravel\\lumen-framework\\src\\Concerns\\RoutesRequests.php(165): Laravel\\Lumen\\Application->handleFoundRoute(Array)
#15 D:\\WEB_Project\\dev-test.com\\vendor\\laravel\\lumen-framework\\src\\Concerns\\RoutesRequests.php(416): Laravel\\Lumen\\Application->Laravel\\Lumen\\Concerns\\{closure}(Object(Laravel\\Lumen\\Http\\Request))
#16 D:\\WEB_Project\\dev-test.com\\vendor\\laravel\\lumen-framework\\src\\Concerns\\RoutesRequests.php(171): Laravel\\Lumen\\Application->sendThroughPipeline(Array, Object(Closure))
#17 D:\\WEB_Project\\dev-test.com\\vendor\\laravel\\lumen-framework\\src\\Concerns\\RoutesRequests.php(108): Laravel\\Lumen\\Application->dispatch(NULL)
#18 D:\\WEB_Project\\dev-test.com\\public\\index.php(28): Laravel\\Lumen\\Application->run()
#19 {main}
"} 
[2019-03-20 12:20:30] local.ERROR: ReflectionException: Class IndexController does not exist in D:\WEB_Project\dev-test.com\vendor\illuminate\container\Container.php:794
Stack trace:
#0 D:\WEB_Project\dev-test.com\vendor\illuminate\container\Container.php(794): ReflectionClass->__construct('IndexController')
#1 D:\WEB_Project\dev-test.com\vendor\illuminate\container\Container.php(671): Illuminate\Container\Container->build('IndexController')
#2 D:\WEB_Project\dev-test.com\vendor\illuminate\container\Container.php(619): Illuminate\Container\Container->resolve('IndexController', Array)
#3 D:\WEB_Project\dev-test.com\vendor\laravel\lumen-framework\src\Application.php(260): Illuminate\Container\Container->make('IndexController', Array)
#4 D:\WEB_Project\dev-test.com\vendor\illuminate\container\Container.php(1233): Laravel\Lumen\Application->make('IndexController')
#5 D:\WEB_Project\dev-test.com\vendor\illuminate\container\Container.php(1269): Illuminate\Container\Container->offsetGet('IndexController')
#6 D:\WEB_Project\dev-test.com\routes\web.php(19): Illuminate\Container\Container->__get('IndexController')
#7 [internal function]: Closure->{closure}()
#8 D:\WEB_Project\dev-test.com\vendor\illuminate\container\BoundMethod.php(32): call_user_func_array(Object(Closure), Array)
#9 D:\WEB_Project\dev-test.com\vendor\illuminate\container\BoundMethod.php(78): Illuminate\Container\BoundMethod::Illuminate\Container\{closure}()
#10 D:\WEB_Project\dev-test.com\vendor\illuminate\container\BoundMethod.php(34): Illuminate\Container\BoundMethod::callBoundMethod(Object(Laravel\Lumen\Application), Object(Closure), Object(Closure))
#11 D:\WEB_Project\dev-test.com\vendor\illuminate\container\Container.php(580): Illuminate\Container\BoundMethod::call(Object(Laravel\Lumen\Application), Object(Closure), Array, NULL)
#12 D:\WEB_Project\dev-test.com\vendor\laravel\lumen-framework\src\Concerns\RoutesRequests.php(289): Illuminate\Container\Container->call(Object(Closure), Array)
#13 D:\WEB_Project\dev-test.com\vendor\laravel\lumen-framework\src\Concerns\RoutesRequests.php(263): Laravel\Lumen\Application->callActionOnArrayBasedRoute(Array)
#14 D:\WEB_Project\dev-test.com\vendor\laravel\lumen-framework\src\Concerns\RoutesRequests.php(165): Laravel\Lumen\Application->handleFoundRoute(Array)
#15 D:\WEB_Project\dev-test.com\vendor\laravel\lumen-framework\src\Concerns\RoutesRequests.php(416): Laravel\Lumen\Application->Laravel\Lumen\Concerns\{closure}(Object(Laravel\Lumen\Http\Request))
#16 D:\WEB_Project\dev-test.com\vendor\laravel\lumen-framework\src\Concerns\RoutesRequests.php(171): Laravel\Lumen\Application->sendThroughPipeline(Array, Object(Closure))
#17 D:\WEB_Project\dev-test.com\vendor\laravel\lumen-framework\src\Concerns\RoutesRequests.php(108): Laravel\Lumen\Application->dispatch(NULL)
#18 D:\WEB_Project\dev-test.com\public\index.php(28): Laravel\Lumen\Application->run()
#19 {main} {"exception":"[object] (ReflectionException(code: -1): Class IndexController does not exist at D:\\WEB_Project\\dev-test.com\\vendor\\illuminate\\container\\Container.php:794)
[stacktrace]
#0 D:\\WEB_Project\\dev-test.com\\vendor\\illuminate\\container\\Container.php(794): ReflectionClass->__construct('IndexController')
#1 D:\\WEB_Project\\dev-test.com\\vendor\\illuminate\\container\\Container.php(671): Illuminate\\Container\\Container->build('IndexController')
#2 D:\\WEB_Project\\dev-test.com\\vendor\\illuminate\\container\\Container.php(619): Illuminate\\Container\\Container->resolve('IndexController', Array)
#3 D:\\WEB_Project\\dev-test.com\\vendor\\laravel\\lumen-framework\\src\\Application.php(260): Illuminate\\Container\\Container->make('IndexController', Array)
#4 D:\\WEB_Project\\dev-test.com\\vendor\\illuminate\\container\\Container.php(1233): Laravel\\Lumen\\Application->make('IndexController')
#5 D:\\WEB_Project\\dev-test.com\\vendor\\illuminate\\container\\Container.php(1269): Illuminate\\Container\\Container->offsetGet('IndexController')
#6 D:\\WEB_Project\\dev-test.com\outes\\web.php(19): Illuminate\\Container\\Container->__get('IndexController')
#7 [internal function]: Closure->{closure}()
#8 D:\\WEB_Project\\dev-test.com\\vendor\\illuminate\\container\\BoundMethod.php(32): call_user_func_array(Object(Closure), Array)
#9 D:\\WEB_Project\\dev-test.com\\vendor\\illuminate\\container\\BoundMethod.php(78): Illuminate\\Container\\BoundMethod::Illuminate\\Container\\{closure}()
#10 D:\\WEB_Project\\dev-test.com\\vendor\\illuminate\\container\\BoundMethod.php(34): Illuminate\\Container\\BoundMethod::callBoundMethod(Object(Laravel\\Lumen\\Application), Object(Closure), Object(Closure))
#11 D:\\WEB_Project\\dev-test.com\\vendor\\illuminate\\container\\Container.php(580): Illuminate\\Container\\BoundMethod::call(Object(Laravel\\Lumen\\Application), Object(Closure), Array, NULL)
#12 D:\\WEB_Project\\dev-test.com\\vendor\\laravel\\lumen-framework\\src\\Concerns\\RoutesRequests.php(289): Illuminate\\Container\\Container->call(Object(Closure), Array)
#13 D:\\WEB_Project\\dev-test.com\\vendor\\laravel\\lumen-framework\\src\\Concerns\\RoutesRequests.php(263): Laravel\\Lumen\\Application->callActionOnArrayBasedRoute(Array)
#14 D:\\WEB_Project\\dev-test.com\\vendor\\laravel\\lumen-framework\\src\\Concerns\\RoutesRequests.php(165): Laravel\\Lumen\\Application->handleFoundRoute(Array)
#15 D:\\WEB_Project\\dev-test.com\\vendor\\laravel\\lumen-framework\\src\\Concerns\\RoutesRequests.php(416): Laravel\\Lumen\\Application->Laravel\\Lumen\\Concerns\\{closure}(Object(Laravel\\Lumen\\Http\\Request))
#16 D:\\WEB_Project\\dev-test.com\\vendor\\laravel\\lumen-framework\\src\\Concerns\\RoutesRequests.php(171): Laravel\\Lumen\\Application->sendThroughPipeline(Array, Object(Closure))
#17 D:\\WEB_Project\\dev-test.com\\vendor\\laravel\\lumen-framework\\src\\Concerns\\RoutesRequests.php(108): Laravel\\Lumen\\Application->dispatch(NULL)
#18 D:\\WEB_Project\\dev-test.com\\public\\index.php(28): Laravel\\Lumen\\Application->run()
#19 {main}
"} 
[2019-03-20 12:20:33] local.ERROR: ReflectionException: Class IndexController does not exist in D:\WEB_Project\dev-test.com\vendor\illuminate\container\Container.php:794
Stack trace:
#0 D:\WEB_Project\dev-test.com\vendor\illuminate\container\Container.php(794): ReflectionClass->__construct('IndexController')
#1 D:\WEB_Project\dev-test.com\vendor\illuminate\container\Container.php(671): Illuminate\Container\Container->build('IndexController')
#2 D:\WEB_Project\dev-test.com\vendor\illuminate\container\Container.php(619): Illuminate\Container\Container->resolve('IndexController', Array)
#3 D:\WEB_Project\dev-test.com\vendor\laravel\lumen-framework\src\Application.php(260): Illuminate\Container\Container->make('IndexController', Array)
#4 D:\WEB_Project\dev-test.com\vendor\illuminate\container\Container.php(1233): Laravel\Lumen\Application->make('IndexController')
#5 D:\WEB_Project\dev-test.com\vendor\illuminate\container\Container.php(1269): Illuminate\Container\Container->offsetGet('IndexController')
#6 D:\WEB_Project\dev-test.com\routes\web.php(19): Illuminate\Container\Container->__get('IndexController')
#7 [internal function]: Closure->{closure}()
#8 D:\WEB_Project\dev-test.com\vendor\illuminate\container\BoundMethod.php(32): call_user_func_array(Object(Closure), Array)
#9 D:\WEB_Project\dev-test.com\vendor\illuminate\container\BoundMethod.php(78): Illuminate\Container\BoundMethod::Illuminate\Container\{closure}()
#10 D:\WEB_Project\dev-test.com\vendor\illuminate\container\BoundMethod.php(34): Illuminate\Container\BoundMethod::callBoundMethod(Object(Laravel\Lumen\Application), Object(Closure), Object(Closure))
#11 D:\WEB_Project\dev-test.com\vendor\illuminate\container\Container.php(580): Illuminate\Container\BoundMethod::call(Object(Laravel\Lumen\Application), Object(Closure), Array, NULL)
#12 D:\WEB_Project\dev-test.com\vendor\laravel\lumen-framework\src\Concerns\RoutesRequests.php(289): Illuminate\Container\Container->call(Object(Closure), Array)
#13 D:\WEB_Project\dev-test.com\vendor\laravel\lumen-framework\src\Concerns\RoutesRequests.php(263): Laravel\Lumen\Application->callActionOnArrayBasedRoute(Array)
#14 D:\WEB_Project\dev-test.com\vendor\laravel\lumen-framework\src\Concerns\RoutesRequests.php(165): Laravel\Lumen\Application->handleFoundRoute(Array)
#15 D:\WEB_Project\dev-test.com\vendor\laravel\lumen-framework\src\Concerns\RoutesRequests.php(416): Laravel\Lumen\Application->Laravel\Lumen\Concerns\{closure}(Object(Laravel\Lumen\Http\Request))
#16 D:\WEB_Project\dev-test.com\vendor\laravel\lumen-framework\src\Concerns\RoutesRequests.php(171): Laravel\Lumen\Application->sendThroughPipeline(Array, Object(Closure))
#17 D:\WEB_Project\dev-test.com\vendor\laravel\lumen-framework\src\Concerns\RoutesRequests.php(108): Laravel\Lumen\Application->dispatch(NULL)
#18 D:\WEB_Project\dev-test.com\public\index.php(28): Laravel\Lumen\Application->run()
#19 {main} {"exception":"[object] (ReflectionException(code: -1): Class IndexController does not exist at D:\\WEB_Project\\dev-test.com\\vendor\\illuminate\\container\\Container.php:794)
[stacktrace]
#0 D:\\WEB_Project\\dev-test.com\\vendor\\illuminate\\container\\Container.php(794): ReflectionClass->__construct('IndexController')
#1 D:\\WEB_Project\\dev-test.com\\vendor\\illuminate\\container\\Container.php(671): Illuminate\\Container\\Container->build('IndexController')
#2 D:\\WEB_Project\\dev-test.com\\vendor\\illuminate\\container\\Container.php(619): Illuminate\\Container\\Container->resolve('IndexController', Array)
#3 D:\\WEB_Project\\dev-test.com\\vendor\\laravel\\lumen-framework\\src\\Application.php(260): Illuminate\\Container\\Container->make('IndexController', Array)
#4 D:\\WEB_Project\\dev-test.com\\vendor\\illuminate\\container\\Container.php(1233): Laravel\\Lumen\\Application->make('IndexController')
#5 D:\\WEB_Project\\dev-test.com\\vendor\\illuminate\\container\\Container.php(1269): Illuminate\\Container\\Container->offsetGet('IndexController')
#6 D:\\WEB_Project\\dev-test.com\outes\\web.php(19): Illuminate\\Container\\Container->__get('IndexController')
#7 [internal function]: Closure->{closure}()
#8 D:\\WEB_Project\\dev-test.com\\vendor\\illuminate\\container\\BoundMethod.php(32): call_user_func_array(Object(Closure), Array)
#9 D:\\WEB_Project\\dev-test.com\\vendor\\illuminate\\container\\BoundMethod.php(78): Illuminate\\Container\\BoundMethod::Illuminate\\Container\\{closure}()
#10 D:\\WEB_Project\\dev-test.com\\vendor\\illuminate\\container\\BoundMethod.php(34): Illuminate\\Container\\BoundMethod::callBoundMethod(Object(Laravel\\Lumen\\Application), Object(Closure), Object(Closure))
#11 D:\\WEB_Project\\dev-test.com\\vendor\\illuminate\\container\\Container.php(580): Illuminate\\Container\\BoundMethod::call(Object(Laravel\\Lumen\\Application), Object(Closure), Array, NULL)
#12 D:\\WEB_Project\\dev-test.com\\vendor\\laravel\\lumen-framework\\src\\Concerns\\RoutesRequests.php(289): Illuminate\\Container\\Container->call(Object(Closure), Array)
#13 D:\\WEB_Project\\dev-test.com\\vendor\\laravel\\lumen-framework\\src\\Concerns\\RoutesRequests.php(263): Laravel\\Lumen\\Application->callActionOnArrayBasedRoute(Array)
#14 D:\\WEB_Project\\dev-test.com\\vendor\\laravel\\lumen-framework\\src\\Concerns\\RoutesRequests.php(165): Laravel\\Lumen\\Application->handleFoundRoute(Array)
#15 D:\\WEB_Project\\dev-test.com\\vendor\\laravel\\lumen-framework\\src\\Concerns\\RoutesRequests.php(416): Laravel\\Lumen\\Application->Laravel\\Lumen\\Concerns\\{closure}(Object(Laravel\\Lumen\\Http\\Request))
#16 D:\\WEB_Project\\dev-test.com\\vendor\\laravel\\lumen-framework\\src\\Concerns\\RoutesRequests.php(171): Laravel\\Lumen\\Application->sendThroughPipeline(Array, Object(Closure))
#17 D:\\WEB_Project\\dev-test.com\\vendor\\laravel\\lumen-framework\\src\\Concerns\\RoutesRequests.php(108): Laravel\\Lumen\\Application->dispatch(NULL)
#18 D:\\WEB_Project\\dev-test.com\\public\\index.php(28): Laravel\\Lumen\\Application->run()
#19 {main}
"} 
[2019-03-20 12:27:36] local.ERROR: ReflectionException: Class IndexController does not exist in D:\WEB_Project\dev-test.com\vendor\illuminate\container\Container.php:794
Stack trace:
#0 D:\WEB_Project\dev-test.com\vendor\illuminate\container\Container.php(794): ReflectionClass->__construct('IndexController')
#1 D:\WEB_Project\dev-test.com\vendor\illuminate\container\Container.php(671): Illuminate\Container\Container->build('IndexController')
#2 D:\WEB_Project\dev-test.com\vendor\illuminate\container\Container.php(619): Illuminate\Container\Container->resolve('IndexController', Array)
#3 D:\WEB_Project\dev-test.com\vendor\laravel\lumen-framework\src\Application.php(260): Illuminate\Container\Container->make('IndexController', Array)
#4 D:\WEB_Project\dev-test.com\vendor\illuminate\container\Container.php(1233): Laravel\Lumen\Application->make('IndexController')
#5 D:\WEB_Project\dev-test.com\vendor\illuminate\container\Container.php(1269): Illuminate\Container\Container->offsetGet('IndexController')
#6 D:\WEB_Project\dev-test.com\routes\web.php(19): Illuminate\Container\Container->__get('IndexController')
#7 [internal function]: Closure->{closure}()
#8 D:\WEB_Project\dev-test.com\vendor\illuminate\container\BoundMethod.php(32): call_user_func_array(Object(Closure), Array)
#9 D:\WEB_Project\dev-test.com\vendor\illuminate\container\BoundMethod.php(78): Illuminate\Container\BoundMethod::Illuminate\Container\{closure}()
#10 D:\WEB_Project\dev-test.com\vendor\illuminate\container\BoundMethod.php(34): Illuminate\Container\BoundMethod::callBoundMethod(Object(Laravel\Lumen\Application), Object(Closure), Object(Closure))
#11 D:\WEB_Project\dev-test.com\vendor\illuminate\container\Container.php(580): Illuminate\Container\BoundMethod::call(Object(Laravel\Lumen\Application), Object(Closure), Array, NULL)
#12 D:\WEB_Project\dev-test.com\vendor\laravel\lumen-framework\src\Concerns\RoutesRequests.php(289): Illuminate\Container\Container->call(Object(Closure), Array)
#13 D:\WEB_Project\dev-test.com\vendor\laravel\lumen-framework\src\Concerns\RoutesRequests.php(263): Laravel\Lumen\Application->callActionOnArrayBasedRoute(Array)
#14 D:\WEB_Project\dev-test.com\vendor\laravel\lumen-framework\src\Concerns\RoutesRequests.php(165): Laravel\Lumen\Application->handleFoundRoute(Array)
#15 D:\WEB_Project\dev-test.com\vendor\laravel\lumen-framework\src\Concerns\RoutesRequests.php(416): Laravel\Lumen\Application->Laravel\Lumen\Concerns\{closure}(Object(Laravel\Lumen\Http\Request))
#16 D:\WEB_Project\dev-test.com\vendor\laravel\lumen-framework\src\Concerns\RoutesRequests.php(171): Laravel\Lumen\Application->sendThroughPipeline(Array, Object(Closure))
#17 D:\WEB_Project\dev-test.com\vendor\laravel\lumen-framework\src\Concerns\RoutesRequests.php(108): Laravel\Lumen\Application->dispatch(NULL)
#18 D:\WEB_Project\dev-test.com\public\index.php(28): Laravel\Lumen\Application->run()
#19 {main} {"exception":"[object] (ReflectionException(code: -1): Class IndexController does not exist at D:\\WEB_Project\\dev-test.com\\vendor\\illuminate\\container\\Container.php:794)
[stacktrace]
#0 D:\\WEB_Project\\dev-test.com\\vendor\\illuminate\\container\\Container.php(794): ReflectionClass->__construct('IndexController')
#1 D:\\WEB_Project\\dev-test.com\\vendor\\illuminate\\container\\Container.php(671): Illuminate\\Container\\Container->build('IndexController')
#2 D:\\WEB_Project\\dev-test.com\\vendor\\illuminate\\container\\Container.php(619): Illuminate\\Container\\Container->resolve('IndexController', Array)
#3 D:\\WEB_Project\\dev-test.com\\vendor\\laravel\\lumen-framework\\src\\Application.php(260): Illuminate\\Container\\Container->make('IndexController', Array)
#4 D:\\WEB_Project\\dev-test.com\\vendor\\illuminate\\container\\Container.php(1233): Laravel\\Lumen\\Application->make('IndexController')
#5 D:\\WEB_Project\\dev-test.com\\vendor\\illuminate\\container\\Container.php(1269): Illuminate\\Container\\Container->offsetGet('IndexController')
#6 D:\\WEB_Project\\dev-test.com\outes\\web.php(19): Illuminate\\Container\\Container->__get('IndexController')
#7 [internal function]: Closure->{closure}()
#8 D:\\WEB_Project\\dev-test.com\\vendor\\illuminate\\container\\BoundMethod.php(32): call_user_func_array(Object(Closure), Array)
#9 D:\\WEB_Project\\dev-test.com\\vendor\\illuminate\\container\\BoundMethod.php(78): Illuminate\\Container\\BoundMethod::Illuminate\\Container\\{closure}()
#10 D:\\WEB_Project\\dev-test.com\\vendor\\illuminate\\container\\BoundMethod.php(34): Illuminate\\Container\\BoundMethod::callBoundMethod(Object(Laravel\\Lumen\\Application), Object(Closure), Object(Closure))
#11 D:\\WEB_Project\\dev-test.com\\vendor\\illuminate\\container\\Container.php(580): Illuminate\\Container\\BoundMethod::call(Object(Laravel\\Lumen\\Application), Object(Closure), Array, NULL)
#12 D:\\WEB_Project\\dev-test.com\\vendor\\laravel\\lumen-framework\\src\\Concerns\\RoutesRequests.php(289): Illuminate\\Container\\Container->call(Object(Closure), Array)
#13 D:\\WEB_Project\\dev-test.com\\vendor\\laravel\\lumen-framework\\src\\Concerns\\RoutesRequests.php(263): Laravel\\Lumen\\Application->callActionOnArrayBasedRoute(Array)
#14 D:\\WEB_Project\\dev-test.com\\vendor\\laravel\\lumen-framework\\src\\Concerns\\RoutesRequests.php(165): Laravel\\Lumen\\Application->handleFoundRoute(Array)
#15 D:\\WEB_Project\\dev-test.com\\vendor\\laravel\\lumen-framework\\src\\Concerns\\RoutesRequests.php(416): Laravel\\Lumen\\Application->Laravel\\Lumen\\Concerns\\{closure}(Object(Laravel\\Lumen\\Http\\Request))
#16 D:\\WEB_Project\\dev-test.com\\vendor\\laravel\\lumen-framework\\src\\Concerns\\RoutesRequests.php(171): Laravel\\Lumen\\Application->sendThroughPipeline(Array, Object(Closure))
#17 D:\\WEB_Project\\dev-test.com\\vendor\\laravel\\lumen-framework\\src\\Concerns\\RoutesRequests.php(108): Laravel\\Lumen\\Application->dispatch(NULL)
#18 D:\\WEB_Project\\dev-test.com\\public\\index.php(28): Laravel\\Lumen\\Application->run()
#19 {main}
"} 
[2019-03-20 12:32:41] local.ERROR: Symfony\Component\Debug\Exception\FatalThrowableError: syntax error, unexpected '@', expecting ',' or ')' in D:\WEB_Project\dev-test.com\routes\web.php:18
Stack trace:
#0 [internal function]: {closure}(Object(Laravel\Lumen\Routing\Router))
#1 D:\WEB_Project\dev-test.com\vendor\laravel\lumen-framework\src\Routing\Router.php(62): call_user_func(Object(Closure), Object(Laravel\Lumen\Routing\Router))
#2 D:\WEB_Project\dev-test.com\bootstrap\app.php(98): Laravel\Lumen\Routing\Router->group(Array, Object(Closure))
#3 D:\WEB_Project\dev-test.com\public\index.php(14): require('D:\\WEB_Project\\...')
#4 {main} {"exception":"[object] (Symfony\\Component\\Debug\\Exception\\FatalThrowableError(code: 0): syntax error, unexpected '@', expecting ',' or ')' at D:\\WEB_Project\\dev-test.com\outes\\web.php:18)
[stacktrace]
#0 [internal function]: {closure}(Object(Laravel\\Lumen\\Routing\\Router))
#1 D:\\WEB_Project\\dev-test.com\\vendor\\laravel\\lumen-framework\\src\\Routing\\Router.php(62): call_user_func(Object(Closure), Object(Laravel\\Lumen\\Routing\\Router))
#2 D:\\WEB_Project\\dev-test.com\\bootstrap\\app.php(98): Laravel\\Lumen\\Routing\\Router->group(Array, Object(Closure))
#3 D:\\WEB_Project\\dev-test.com\\public\\index.php(14): require('D:\\\\WEB_Project\\\\...')
#4 {main}
"} 
[2019-03-20 12:32:42] local.ERROR: Symfony\Component\Debug\Exception\FatalThrowableError: syntax error, unexpected '@', expecting ',' or ')' in D:\WEB_Project\dev-test.com\routes\web.php:18
Stack trace:
#0 [internal function]: {closure}(Object(Laravel\Lumen\Routing\Router))
#1 D:\WEB_Project\dev-test.com\vendor\laravel\lumen-framework\src\Routing\Router.php(62): call_user_func(Object(Closure), Object(Laravel\Lumen\Routing\Router))
#2 D:\WEB_Project\dev-test.com\bootstrap\app.php(98): Laravel\Lumen\Routing\Router->group(Array, Object(Closure))
#3 D:\WEB_Project\dev-test.com\public\index.php(14): require('D:\\WEB_Project\\...')
#4 {main} {"exception":"[object] (Symfony\\Component\\Debug\\Exception\\FatalThrowableError(code: 0): syntax error, unexpected '@', expecting ',' or ')' at D:\\WEB_Project\\dev-test.com\outes\\web.php:18)
[stacktrace]
#0 [internal function]: {closure}(Object(Laravel\\Lumen\\Routing\\Router))
#1 D:\\WEB_Project\\dev-test.com\\vendor\\laravel\\lumen-framework\\src\\Routing\\Router.php(62): call_user_func(Object(Closure), Object(Laravel\\Lumen\\Routing\\Router))
#2 D:\\WEB_Project\\dev-test.com\\bootstrap\\app.php(98): Laravel\\Lumen\\Routing\\Router->group(Array, Object(Closure))
#3 D:\\WEB_Project\\dev-test.com\\public\\index.php(14): require('D:\\\\WEB_Project\\\\...')
#4 {main}
"} 
[2019-03-20 12:32:42] local.ERROR: Symfony\Component\Debug\Exception\FatalThrowableError: syntax error, unexpected '@', expecting ',' or ')' in D:\WEB_Project\dev-test.com\routes\web.php:18
Stack trace:
#0 [internal function]: {closure}(Object(Laravel\Lumen\Routing\Router))
#1 D:\WEB_Project\dev-test.com\vendor\laravel\lumen-framework\src\Routing\Router.php(62): call_user_func(Object(Closure), Object(Laravel\Lumen\Routing\Router))
#2 D:\WEB_Project\dev-test.com\bootstrap\app.php(98): Laravel\Lumen\Routing\Router->group(Array, Object(Closure))
#3 D:\WEB_Project\dev-test.com\public\index.php(14): require('D:\\WEB_Project\\...')
#4 {main} {"exception":"[object] (Symfony\\Component\\Debug\\Exception\\FatalThrowableError(code: 0): syntax error, unexpected '@', expecting ',' or ')' at D:\\WEB_Project\\dev-test.com\outes\\web.php:18)
[stacktrace]
#0 [internal function]: {closure}(Object(Laravel\\Lumen\\Routing\\Router))
#1 D:\\WEB_Project\\dev-test.com\\vendor\\laravel\\lumen-framework\\src\\Routing\\Router.php(62): call_user_func(Object(Closure), Object(Laravel\\Lumen\\Routing\\Router))
#2 D:\\WEB_Project\\dev-test.com\\bootstrap\\app.php(98): Laravel\\Lumen\\Routing\\Router->group(Array, Object(Closure))
#3 D:\\WEB_Project\\dev-test.com\\public\\index.php(14): require('D:\\\\WEB_Project\\\\...')
#4 {main}
"} 
[2019-03-20 12:32:42] local.ERROR: Symfony\Component\Debug\Exception\FatalThrowableError: syntax error, unexpected '@', expecting ',' or ')' in D:\WEB_Project\dev-test.com\routes\web.php:18
Stack trace:
#0 [internal function]: {closure}(Object(Laravel\Lumen\Routing\Router))
#1 D:\WEB_Project\dev-test.com\vendor\laravel\lumen-framework\src\Routing\Router.php(62): call_user_func(Object(Closure), Object(Laravel\Lumen\Routing\Router))
#2 D:\WEB_Project\dev-test.com\bootstrap\app.php(98): Laravel\Lumen\Routing\Router->group(Array, Object(Closure))
#3 D:\WEB_Project\dev-test.com\public\index.php(14): require('D:\\WEB_Project\\...')
#4 {main} {"exception":"[object] (Symfony\\Component\\Debug\\Exception\\FatalThrowableError(code: 0): syntax error, unexpected '@', expecting ',' or ')' at D:\\WEB_Project\\dev-test.com\outes\\web.php:18)
[stacktrace]
#0 [internal function]: {closure}(Object(Laravel\\Lumen\\Routing\\Router))
#1 D:\\WEB_Project\\dev-test.com\\vendor\\laravel\\lumen-framework\\src\\Routing\\Router.php(62): call_user_func(Object(Closure), Object(Laravel\\Lumen\\Routing\\Router))
#2 D:\\WEB_Project\\dev-test.com\\bootstrap\\app.php(98): Laravel\\Lumen\\Routing\\Router->group(Array, Object(Closure))
#3 D:\\WEB_Project\\dev-test.com\\public\\index.php(14): require('D:\\\\WEB_Project\\\\...')
#4 {main}
"} 
[2019-03-20 12:38:59] local.ERROR: InvalidArgumentException: View [search] not found. in D:\WEB_Project\dev-test.com\vendor\illuminate\view\FileViewFinder.php:137
Stack trace:
#0 D:\WEB_Project\dev-test.com\vendor\illuminate\view\FileViewFinder.php(79): Illuminate\View\FileViewFinder->findInPaths('search', Array)
#1 D:\WEB_Project\dev-test.com\vendor\illuminate\view\Factory.php(130): Illuminate\View\FileViewFinder->find('search')
#2 D:\WEB_Project\dev-test.com\vendor\laravel\lumen-framework\src\helpers.php(433): Illuminate\View\Factory->make('search', Array, Array)
#3 D:\WEB_Project\dev-test.com\app\Http\Controllers\IndexController.php(23): view('search')
#4 [internal function]: App\Http\Controllers\IndexController->search()
#5 D:\WEB_Project\dev-test.com\vendor\illuminate\container\BoundMethod.php(32): call_user_func_array(Array, Array)
#6 D:\WEB_Project\dev-test.com\vendor\illuminate\container\BoundMethod.php(90): Illuminate\Container\BoundMethod::Illuminate\Container\{closure}()
#7 D:\WEB_Project\dev-test.com\vendor\illuminate\container\BoundMethod.php(34): Illuminate\Container\BoundMethod::callBoundMethod(Object(Laravel\Lumen\Application), Array, Object(Closure))
#8 D:\WEB_Project\dev-test.com\vendor\illuminate\container\Container.php(580): Illuminate\Container\BoundMethod::call(Object(Laravel\Lumen\Application), Array, Array, NULL)
#9 D:\WEB_Project\dev-test.com\vendor\laravel\lumen-framework\src\Concerns\RoutesRequests.php(376): Illuminate\Container\Container->call(Array, Array)
#10 D:\WEB_Project\dev-test.com\vendor\laravel\lumen-framework\src\Concerns\RoutesRequests.php(342): Laravel\Lumen\Application->callControllerCallable(Array, Array)
#11 D:\WEB_Project\dev-test.com\vendor\laravel\lumen-framework\src\Concerns\RoutesRequests.php(316): Laravel\Lumen\Application->callLumenController(Object(App\Http\Controllers\IndexController), 'search', Array)
#12 D:\WEB_Project\dev-test.com\vendor\laravel\lumen-framework\src\Concerns\RoutesRequests.php(278): Laravel\Lumen\Application->callControllerAction(Array)
#13 D:\WEB_Project\dev-test.com\vendor\laravel\lumen-framework\src\Concerns\RoutesRequests.php(263): Laravel\Lumen\Application->callActionOnArrayBasedRoute(Array)
#14 D:\WEB_Project\dev-test.com\vendor\laravel\lumen-framework\src\Concerns\RoutesRequests.php(165): Laravel\Lumen\Application->handleFoundRoute(Array)
#15 D:\WEB_Project\dev-test.com\vendor\laravel\lumen-framework\src\Concerns\RoutesRequests.php(416): Laravel\Lumen\Application->Laravel\Lumen\Concerns\{closure}(Object(Laravel\Lumen\Http\Request))
#16 D:\WEB_Project\dev-test.com\vendor\laravel\lumen-framework\src\Concerns\RoutesRequests.php(171): Laravel\Lumen\Application->sendThroughPipeline(Array, Object(Closure))
#17 D:\WEB_Project\dev-test.com\vendor\laravel\lumen-framework\src\Concerns\RoutesRequests.php(108): Laravel\Lumen\Application->dispatch(NULL)
#18 D:\WEB_Project\dev-test.com\public\index.php(28): Laravel\Lumen\Application->run()
#19 {main} {"exception":"[object] (InvalidArgumentException(code: 0): View [search] not found. at D:\\WEB_Project\\dev-test.com\\vendor\\illuminate\\view\\FileViewFinder.php:137)
[stacktrace]
#0 D:\\WEB_Project\\dev-test.com\\vendor\\illuminate\\view\\FileViewFinder.php(79): Illuminate\\View\\FileViewFinder->findInPaths('search', Array)
#1 D:\\WEB_Project\\dev-test.com\\vendor\\illuminate\\view\\Factory.php(130): Illuminate\\View\\FileViewFinder->find('search')
#2 D:\\WEB_Project\\dev-test.com\\vendor\\laravel\\lumen-framework\\src\\helpers.php(433): Illuminate\\View\\Factory->make('search', Array, Array)
#3 D:\\WEB_Project\\dev-test.com\\app\\Http\\Controllers\\IndexController.php(23): view('search')
#4 [internal function]: App\\Http\\Controllers\\IndexController->search()
#5 D:\\WEB_Project\\dev-test.com\\vendor\\illuminate\\container\\BoundMethod.php(32): call_user_func_array(Array, Array)
#6 D:\\WEB_Project\\dev-test.com\\vendor\\illuminate\\container\\BoundMethod.php(90): Illuminate\\Container\\BoundMethod::Illuminate\\Container\\{closure}()
#7 D:\\WEB_Project\\dev-test.com\\vendor\\illuminate\\container\\BoundMethod.php(34): Illuminate\\Container\\BoundMethod::callBoundMethod(Object(Laravel\\Lumen\\Application), Array, Object(Closure))
#8 D:\\WEB_Project\\dev-test.com\\vendor\\illuminate\\container\\Container.php(580): Illuminate\\Container\\BoundMethod::call(Object(Laravel\\Lumen\\Application), Array, Array, NULL)
#9 D:\\WEB_Project\\dev-test.com\\vendor\\laravel\\lumen-framework\\src\\Concerns\\RoutesRequests.php(376): Illuminate\\Container\\Container->call(Array, Array)
#10 D:\\WEB_Project\\dev-test.com\\vendor\\laravel\\lumen-framework\\src\\Concerns\\RoutesRequests.php(342): Laravel\\Lumen\\Application->callControllerCallable(Array, Array)
#11 D:\\WEB_Project\\dev-test.com\\vendor\\laravel\\lumen-framework\\src\\Concerns\\RoutesRequests.php(316): Laravel\\Lumen\\Application->callLumenController(Object(App\\Http\\Controllers\\IndexController), 'search', Array)
#12 D:\\WEB_Project\\dev-test.com\\vendor\\laravel\\lumen-framework\\src\\Concerns\\RoutesRequests.php(278): Laravel\\Lumen\\Application->callControllerAction(Array)
#13 D:\\WEB_Project\\dev-test.com\\vendor\\laravel\\lumen-framework\\src\\Concerns\\RoutesRequests.php(263): Laravel\\Lumen\\Application->callActionOnArrayBasedRoute(Array)
#14 D:\\WEB_Project\\dev-test.com\\vendor\\laravel\\lumen-framework\\src\\Concerns\\RoutesRequests.php(165): Laravel\\Lumen\\Application->handleFoundRoute(Array)
#15 D:\\WEB_Project\\dev-test.com\\vendor\\laravel\\lumen-framework\\src\\Concerns\\RoutesRequests.php(416): Laravel\\Lumen\\Application->Laravel\\Lumen\\Concerns\\{closure}(Object(Laravel\\Lumen\\Http\\Request))
#16 D:\\WEB_Project\\dev-test.com\\vendor\\laravel\\lumen-framework\\src\\Concerns\\RoutesRequests.php(171): Laravel\\Lumen\\Application->sendThroughPipeline(Array, Object(Closure))
#17 D:\\WEB_Project\\dev-test.com\\vendor\\laravel\\lumen-framework\\src\\Concerns\\RoutesRequests.php(108): Laravel\\Lumen\\Application->dispatch(NULL)
#18 D:\\WEB_Project\\dev-test.com\\public\\index.php(28): Laravel\\Lumen\\Application->run()
#19 {main}
"} 
[2019-03-20 13:24:00] local.ERROR: ReflectionException: Class App\Http\Controllers\SearchController does not exist in D:\WEB_Project\dev-test.com\vendor\illuminate\container\Container.php:794
Stack trace:
#0 D:\WEB_Project\dev-test.com\vendor\illuminate\container\Container.php(794): ReflectionClass->__construct('App\\Http\\Contro...')
#1 D:\WEB_Project\dev-test.com\vendor\illuminate\container\Container.php(671): Illuminate\Container\Container->build('App\\Http\\Contro...')
#2 D:\WEB_Project\dev-test.com\vendor\illuminate\container\Container.php(619): Illuminate\Container\Container->resolve('App\\Http\\Contro...', Array)
#3 D:\WEB_Project\dev-test.com\vendor\laravel\lumen-framework\src\Application.php(260): Illuminate\Container\Container->make('App\\Http\\Contro...', Array)
#4 D:\WEB_Project\dev-test.com\vendor\laravel\lumen-framework\src\Concerns\RoutesRequests.php(311): Laravel\Lumen\Application->make('App\\Http\\Contro...')
#5 D:\WEB_Project\dev-test.com\vendor\laravel\lumen-framework\src\Concerns\RoutesRequests.php(278): Laravel\Lumen\Application->callControllerAction(Array)
#6 D:\WEB_Project\dev-test.com\vendor\laravel\lumen-framework\src\Concerns\RoutesRequests.php(263): Laravel\Lumen\Application->callActionOnArrayBasedRoute(Array)
#7 D:\WEB_Project\dev-test.com\vendor\laravel\lumen-framework\src\Concerns\RoutesRequests.php(165): Laravel\Lumen\Application->handleFoundRoute(Array)
#8 D:\WEB_Project\dev-test.com\vendor\laravel\lumen-framework\src\Concerns\RoutesRequests.php(416): Laravel\Lumen\Application->Laravel\Lumen\Concerns\{closure}(Object(Laravel\Lumen\Http\Request))
#9 D:\WEB_Project\dev-test.com\vendor\laravel\lumen-framework\src\Concerns\RoutesRequests.php(171): Laravel\Lumen\Application->sendThroughPipeline(Array, Object(Closure))
#10 D:\WEB_Project\dev-test.com\vendor\laravel\lumen-framework\src\Concerns\RoutesRequests.php(108): Laravel\Lumen\Application->dispatch(NULL)
#11 D:\WEB_Project\dev-test.com\public\index.php(28): Laravel\Lumen\Application->run()
#12 {main} {"exception":"[object] (ReflectionException(code: -1): Class App\\Http\\Controllers\\SearchController does not exist at D:\\WEB_Project\\dev-test.com\\vendor\\illuminate\\container\\Container.php:794)
[stacktrace]
#0 D:\\WEB_Project\\dev-test.com\\vendor\\illuminate\\container\\Container.php(794): ReflectionClass->__construct('App\\\\Http\\\\Contro...')
#1 D:\\WEB_Project\\dev-test.com\\vendor\\illuminate\\container\\Container.php(671): Illuminate\\Container\\Container->build('App\\\\Http\\\\Contro...')
#2 D:\\WEB_Project\\dev-test.com\\vendor\\illuminate\\container\\Container.php(619): Illuminate\\Container\\Container->resolve('App\\\\Http\\\\Contro...', Array)
#3 D:\\WEB_Project\\dev-test.com\\vendor\\laravel\\lumen-framework\\src\\Application.php(260): Illuminate\\Container\\Container->make('App\\\\Http\\\\Contro...', Array)
#4 D:\\WEB_Project\\dev-test.com\\vendor\\laravel\\lumen-framework\\src\\Concerns\\RoutesRequests.php(311): Laravel\\Lumen\\Application->make('App\\\\Http\\\\Contro...')
#5 D:\\WEB_Project\\dev-test.com\\vendor\\laravel\\lumen-framework\\src\\Concerns\\RoutesRequests.php(278): Laravel\\Lumen\\Application->callControllerAction(Array)
#6 D:\\WEB_Project\\dev-test.com\\vendor\\laravel\\lumen-framework\\src\\Concerns\\RoutesRequests.php(263): Laravel\\Lumen\\Application->callActionOnArrayBasedRoute(Array)
#7 D:\\WEB_Project\\dev-test.com\\vendor\\laravel\\lumen-framework\\src\\Concerns\\RoutesRequests.php(165): Laravel\\Lumen\\Application->handleFoundRoute(Array)
#8 D:\\WEB_Project\\dev-test.com\\vendor\\laravel\\lumen-framework\\src\\Concerns\\RoutesRequests.php(416): Laravel\\Lumen\\Application->Laravel\\Lumen\\Concerns\\{closure}(Object(Laravel\\Lumen\\Http\\Request))
#9 D:\\WEB_Project\\dev-test.com\\vendor\\laravel\\lumen-framework\\src\\Concerns\\RoutesRequests.php(171): Laravel\\Lumen\\Application->sendThroughPipeline(Array, Object(Closure))
#10 D:\\WEB_Project\\dev-test.com\\vendor\\laravel\\lumen-framework\\src\\Concerns\\RoutesRequests.php(108): Laravel\\Lumen\\Application->dispatch(NULL)
#11 D:\\WEB_Project\\dev-test.com\\public\\index.php(28): Laravel\\Lumen\\Application->run()
#12 {main}
"} 
[2019-03-20 13:24:42] local.ERROR: Symfony\Component\Debug\Exception\FatalThrowableError: Class 'Form' not found in D:\WEB_Project\dev-test.com\storage\framework\views\6c9c696e859704e90ca92148c97520bf4a192bb4.php:3
Stack trace:
#0 D:\WEB_Project\dev-test.com\vendor\illuminate\view\Engines\PhpEngine.php(43): include()
#1 D:\WEB_Project\dev-test.com\vendor\illuminate\view\Engines\CompilerEngine.php(59): Illuminate\View\Engines\PhpEngine->evaluatePath('D:\\WEB_Project\\...', Array)
#2 D:\WEB_Project\dev-test.com\vendor\illuminate\view\View.php(142): Illuminate\View\Engines\CompilerEngine->get('D:\\WEB_Project\\...', Array)
#3 D:\WEB_Project\dev-test.com\vendor\illuminate\view\View.php(125): Illuminate\View\View->getContents()
#4 D:\WEB_Project\dev-test.com\vendor\illuminate\view\View.php(90): Illuminate\View\View->renderContents()
#5 D:\WEB_Project\dev-test.com\vendor\illuminate\http\Response.php(42): Illuminate\View\View->render()
#6 D:\WEB_Project\dev-test.com\vendor\symfony\http-foundation\Response.php(202): Illuminate\Http\Response->setContent(Object(Illuminate\View\View))
#7 D:\WEB_Project\dev-test.com\vendor\laravel\lumen-framework\src\Concerns\RoutesRequests.php(436): Symfony\Component\HttpFoundation\Response->__construct(Object(Illuminate\View\View))
#8 D:\WEB_Project\dev-test.com\vendor\laravel\lumen-framework\src\Concerns\RoutesRequests.php(376): Laravel\Lumen\Application->prepareResponse(Object(Illuminate\View\View))
#9 D:\WEB_Project\dev-test.com\vendor\laravel\lumen-framework\src\Concerns\RoutesRequests.php(342): Laravel\Lumen\Application->callControllerCallable(Array, Array)
#10 D:\WEB_Project\dev-test.com\vendor\laravel\lumen-framework\src\Concerns\RoutesRequests.php(316): Laravel\Lumen\Application->callLumenController(Object(App\Http\Controllers\SearchController), 'search', Array)
#11 D:\WEB_Project\dev-test.com\vendor\laravel\lumen-framework\src\Concerns\RoutesRequests.php(278): Laravel\Lumen\Application->callControllerAction(Array)
#12 D:\WEB_Project\dev-test.com\vendor\laravel\lumen-framework\src\Concerns\RoutesRequests.php(263): Laravel\Lumen\Application->callActionOnArrayBasedRoute(Array)
#13 D:\WEB_Project\dev-test.com\vendor\laravel\lumen-framework\src\Concerns\RoutesRequests.php(165): Laravel\Lumen\Application->handleFoundRoute(Array)
#14 D:\WEB_Project\dev-test.com\vendor\laravel\lumen-framework\src\Concerns\RoutesRequests.php(416): Laravel\Lumen\Application->Laravel\Lumen\Concerns\{closure}(Object(Laravel\Lumen\Http\Request))
#15 D:\WEB_Project\dev-test.com\vendor\laravel\lumen-framework\src\Concerns\RoutesRequests.php(171): Laravel\Lumen\Application->sendThroughPipeline(Array, Object(Closure))
#16 D:\WEB_Project\dev-test.com\vendor\laravel\lumen-framework\src\Concerns\RoutesRequests.php(108): Laravel\Lumen\Application->dispatch(NULL)
#17 D:\WEB_Project\dev-test.com\public\index.php(28): Laravel\Lumen\Application->run()
#18 {main}

Next ErrorException: Class 'Form' not found (View: D:\WEB_Project\dev-test.com\resources\views\search.blade.php) in D:\WEB_Project\dev-test.com\storage\framework\views\6c9c696e859704e90ca92148c97520bf4a192bb4.php:3
Stack trace:
#0 D:\WEB_Project\dev-test.com\vendor\illuminate\view\Engines\PhpEngine.php(47): Illuminate\View\Engines\CompilerEngine->handleViewException(Object(Symfony\Component\Debug\Exception\FatalThrowableError), 0)
#1 D:\WEB_Project\dev-test.com\vendor\illuminate\view\Engines\CompilerEngine.php(59): Illuminate\View\Engines\PhpEngine->evaluatePath('D:\\WEB_Project\\...', Array)
#2 D:\WEB_Project\dev-test.com\vendor\illuminate\view\View.php(142): Illuminate\View\Engines\CompilerEngine->get('D:\\WEB_Project\\...', Array)
#3 D:\WEB_Project\dev-test.com\vendor\illuminate\view\View.php(125): Illuminate\View\View->getContents()
#4 D:\WEB_Project\dev-test.com\vendor\illuminate\view\View.php(90): Illuminate\View\View->renderContents()
#5 D:\WEB_Project\dev-test.com\vendor\illuminate\http\Response.php(42): Illuminate\View\View->render()
#6 D:\WEB_Project\dev-test.com\vendor\symfony\http-foundation\Response.php(202): Illuminate\Http\Response->setContent(Object(Illuminate\View\View))
#7 D:\WEB_Project\dev-test.com\vendor\laravel\lumen-framework\src\Concerns\RoutesRequests.php(436): Symfony\Component\HttpFoundation\Response->__construct(Object(Illuminate\View\View))
#8 D:\WEB_Project\dev-test.com\vendor\laravel\lumen-framework\src\Concerns\RoutesRequests.php(376): Laravel\Lumen\Application->prepareResponse(Object(Illuminate\View\View))
#9 D:\WEB_Project\dev-test.com\vendor\laravel\lumen-framework\src\Concerns\RoutesRequests.php(342): Laravel\Lumen\Application->callControllerCallable(Array, Array)
#10 D:\WEB_Project\dev-test.com\vendor\laravel\lumen-framework\src\Concerns\RoutesRequests.php(316): Laravel\Lumen\Application->callLumenController(Object(App\Http\Controllers\SearchController), 'search', Array)
#11 D:\WEB_Project\dev-test.com\vendor\laravel\lumen-framework\src\Concerns\RoutesRequests.php(278): Laravel\Lumen\Application->callControllerAction(Array)
#12 D:\WEB_Project\dev-test.com\vendor\laravel\lumen-framework\src\Concerns\RoutesRequests.php(263): Laravel\Lumen\Application->callActionOnArrayBasedRoute(Array)
#13 D:\WEB_Project\dev-test.com\vendor\laravel\lumen-framework\src\Concerns\RoutesRequests.php(165): Laravel\Lumen\Application->handleFoundRoute(Array)
#14 D:\WEB_Project\dev-test.com\vendor\laravel\lumen-framework\src\Concerns\RoutesRequests.php(416): Laravel\Lumen\Application->Laravel\Lumen\Concerns\{closure}(Object(Laravel\Lumen\Http\Request))
#15 D:\WEB_Project\dev-test.com\vendor\laravel\lumen-framework\src\Concerns\RoutesRequests.php(171): Laravel\Lumen\Application->sendThroughPipeline(Array, Object(Closure))
#16 D:\WEB_Project\dev-test.com\vendor\laravel\lumen-framework\src\Concerns\RoutesRequests.php(108): Laravel\Lumen\Application->dispatch(NULL)
#17 D:\WEB_Project\dev-test.com\public\index.php(28): Laravel\Lumen\Application->run()
#18 {main} {"exception":"[object] (ErrorException(code: 0): Class 'Form' not found (View: D:\\WEB_Project\\dev-test.com\esources\\views\\search.blade.php) at D:\\WEB_Project\\dev-test.com\\storage\\framework\\views\\6c9c696e859704e90ca92148c97520bf4a192bb4.php:3, Symfony\\Component\\Debug\\Exception\\FatalThrowableError(code: 0): Class 'Form' not found at D:\\WEB_Project\\dev-test.com\\storage\\framework\\views\\6c9c696e859704e90ca92148c97520bf4a192bb4.php:3)
[stacktrace]
#0 D:\\WEB_Project\\dev-test.com\\vendor\\illuminate\\view\\Engines\\PhpEngine.php(47): Illuminate\\View\\Engines\\CompilerEngine->handleViewException(Object(Symfony\\Component\\Debug\\Exception\\FatalThrowableError), 0)
#1 D:\\WEB_Project\\dev-test.com\\vendor\\illuminate\\view\\Engines\\CompilerEngine.php(59): Illuminate\\View\\Engines\\PhpEngine->evaluatePath('D:\\\\WEB_Project\\\\...', Array)
#2 D:\\WEB_Project\\dev-test.com\\vendor\\illuminate\\view\\View.php(142): Illuminate\\View\\Engines\\CompilerEngine->get('D:\\\\WEB_Project\\\\...', Array)
#3 D:\\WEB_Project\\dev-test.com\\vendor\\illuminate\\view\\View.php(125): Illuminate\\View\\View->getContents()
#4 D:\\WEB_Project\\dev-test.com\\vendor\\illuminate\\view\\View.php(90): Illuminate\\View\\View->renderContents()
#5 D:\\WEB_Project\\dev-test.com\\vendor\\illuminate\\http\\Response.php(42): Illuminate\\View\\View->render()
#6 D:\\WEB_Project\\dev-test.com\\vendor\\symfony\\http-foundation\\Response.php(202): Illuminate\\Http\\Response->setContent(Object(Illuminate\\View\\View))
#7 D:\\WEB_Project\\dev-test.com\\vendor\\laravel\\lumen-framework\\src\\Concerns\\RoutesRequests.php(436): Symfony\\Component\\HttpFoundation\\Response->__construct(Object(Illuminate\\View\\View))
#8 D:\\WEB_Project\\dev-test.com\\vendor\\laravel\\lumen-framework\\src\\Concerns\\RoutesRequests.php(376): Laravel\\Lumen\\Application->prepareResponse(Object(Illuminate\\View\\View))
#9 D:\\WEB_Project\\dev-test.com\\vendor\\laravel\\lumen-framework\\src\\Concerns\\RoutesRequests.php(342): Laravel\\Lumen\\Application->callControllerCallable(Array, Array)
#10 D:\\WEB_Project\\dev-test.com\\vendor\\laravel\\lumen-framework\\src\\Concerns\\RoutesRequests.php(316): Laravel\\Lumen\\Application->callLumenController(Object(App\\Http\\Controllers\\SearchController), 'search', Array)
#11 D:\\WEB_Project\\dev-test.com\\vendor\\laravel\\lumen-framework\\src\\Concerns\\RoutesRequests.php(278): Laravel\\Lumen\\Application->callControllerAction(Array)
#12 D:\\WEB_Project\\dev-test.com\\vendor\\laravel\\lumen-framework\\src\\Concerns\\RoutesRequests.php(263): Laravel\\Lumen\\Application->callActionOnArrayBasedRoute(Array)
#13 D:\\WEB_Project\\dev-test.com\\vendor\\laravel\\lumen-framework\\src\\Concerns\\RoutesRequests.php(165): Laravel\\Lumen\\Application->handleFoundRoute(Array)
#14 D:\\WEB_Project\\dev-test.com\\vendor\\laravel\\lumen-framework\\src\\Concerns\\RoutesRequests.php(416): Laravel\\Lumen\\Application->Laravel\\Lumen\\Concerns\\{closure}(Object(Laravel\\Lumen\\Http\\Request))
#15 D:\\WEB_Project\\dev-test.com\\vendor\\laravel\\lumen-framework\\src\\Concerns\\RoutesRequests.php(171): Laravel\\Lumen\\Application->sendThroughPipeline(Array, Object(Closure))
#16 D:\\WEB_Project\\dev-test.com\\vendor\\laravel\\lumen-framework\\src\\Concerns\\RoutesRequests.php(108): Laravel\\Lumen\\Application->dispatch(NULL)
#17 D:\\WEB_Project\\dev-test.com\\public\\index.php(28): Laravel\\Lumen\\Application->run()
#18 {main}
"} 
[2019-03-20 13:24:44] local.ERROR: Symfony\Component\Debug\Exception\FatalThrowableError: Class 'Form' not found in D:\WEB_Project\dev-test.com\storage\framework\views\6c9c696e859704e90ca92148c97520bf4a192bb4.php:3
Stack trace:
#0 D:\WEB_Project\dev-test.com\vendor\illuminate\view\Engines\PhpEngine.php(43): include()
#1 D:\WEB_Project\dev-test.com\vendor\illuminate\view\Engines\CompilerEngine.php(59): Illuminate\View\Engines\PhpEngine->evaluatePath('D:\\WEB_Project\\...', Array)
#2 D:\WEB_Project\dev-test.com\vendor\illuminate\view\View.php(142): Illuminate\View\Engines\CompilerEngine->get('D:\\WEB_Project\\...', Array)
#3 D:\WEB_Project\dev-test.com\vendor\illuminate\view\View.php(125): Illuminate\View\View->getContents()
#4 D:\WEB_Project\dev-test.com\vendor\illuminate\view\View.php(90): Illuminate\View\View->renderContents()
#5 D:\WEB_Project\dev-test.com\vendor\illuminate\http\Response.php(42): Illuminate\View\View->render()
#6 D:\WEB_Project\dev-test.com\vendor\symfony\http-foundation\Response.php(202): Illuminate\Http\Response->setContent(Object(Illuminate\View\View))
#7 D:\WEB_Project\dev-test.com\vendor\laravel\lumen-framework\src\Concerns\RoutesRequests.php(436): Symfony\Component\HttpFoundation\Response->__construct(Object(Illuminate\View\View))
#8 D:\WEB_Project\dev-test.com\vendor\laravel\lumen-framework\src\Concerns\RoutesRequests.php(376): Laravel\Lumen\Application->prepareResponse(Object(Illuminate\View\View))
#9 D:\WEB_Project\dev-test.com\vendor\laravel\lumen-framework\src\Concerns\RoutesRequests.php(342): Laravel\Lumen\Application->callControllerCallable(Array, Array)
#10 D:\WEB_Project\dev-test.com\vendor\laravel\lumen-framework\src\Concerns\RoutesRequests.php(316): Laravel\Lumen\Application->callLumenController(Object(App\Http\Controllers\SearchController), 'search', Array)
#11 D:\WEB_Project\dev-test.com\vendor\laravel\lumen-framework\src\Concerns\RoutesRequests.php(278): Laravel\Lumen\Application->callControllerAction(Array)
#12 D:\WEB_Project\dev-test.com\vendor\laravel\lumen-framework\src\Concerns\RoutesRequests.php(263): Laravel\Lumen\Application->callActionOnArrayBasedRoute(Array)
#13 D:\WEB_Project\dev-test.com\vendor\laravel\lumen-framework\src\Concerns\RoutesRequests.php(165): Laravel\Lumen\Application->handleFoundRoute(Array)
#14 D:\WEB_Project\dev-test.com\vendor\laravel\lumen-framework\src\Concerns\RoutesRequests.php(416): Laravel\Lumen\Application->Laravel\Lumen\Concerns\{closure}(Object(Laravel\Lumen\Http\Request))
#15 D:\WEB_Project\dev-test.com\vendor\laravel\lumen-framework\src\Concerns\RoutesRequests.php(171): Laravel\Lumen\Application->sendThroughPipeline(Array, Object(Closure))
#16 D:\WEB_Project\dev-test.com\vendor\laravel\lumen-framework\src\Concerns\RoutesRequests.php(108): Laravel\Lumen\Application->dispatch(NULL)
#17 D:\WEB_Project\dev-test.com\public\index.php(28): Laravel\Lumen\Application->run()
#18 {main}

Next ErrorException: Class 'Form' not found (View: D:\WEB_Project\dev-test.com\resources\views\search.blade.php) in D:\WEB_Project\dev-test.com\storage\framework\views\6c9c696e859704e90ca92148c97520bf4a192bb4.php:3
Stack trace:
#0 D:\WEB_Project\dev-test.com\vendor\illuminate\view\Engines\PhpEngine.php(47): Illuminate\View\Engines\CompilerEngine->handleViewException(Object(Symfony\Component\Debug\Exception\FatalThrowableError), 0)
#1 D:\WEB_Project\dev-test.com\vendor\illuminate\view\Engines\CompilerEngine.php(59): Illuminate\View\Engines\PhpEngine->evaluatePath('D:\\WEB_Project\\...', Array)
#2 D:\WEB_Project\dev-test.com\vendor\illuminate\view\View.php(142): Illuminate\View\Engines\CompilerEngine->get('D:\\WEB_Project\\...', Array)
#3 D:\WEB_Project\dev-test.com\vendor\illuminate\view\View.php(125): Illuminate\View\View->getContents()
#4 D:\WEB_Project\dev-test.com\vendor\illuminate\view\View.php(90): Illuminate\View\View->renderContents()
#5 D:\WEB_Project\dev-test.com\vendor\illuminate\http\Response.php(42): Illuminate\View\View->render()
#6 D:\WEB_Project\dev-test.com\vendor\symfony\http-foundation\Response.php(202): Illuminate\Http\Response->setContent(Object(Illuminate\View\View))
#7 D:\WEB_Project\dev-test.com\vendor\laravel\lumen-framework\src\Concerns\RoutesRequests.php(436): Symfony\Component\HttpFoundation\Response->__construct(Object(Illuminate\View\View))
#8 D:\WEB_Project\dev-test.com\vendor\laravel\lumen-framework\src\Concerns\RoutesRequests.php(376): Laravel\Lumen\Application->prepareResponse(Object(Illuminate\View\View))
#9 D:\WEB_Project\dev-test.com\vendor\laravel\lumen-framework\src\Concerns\RoutesRequests.php(342): Laravel\Lumen\Application->callControllerCallable(Array, Array)
#10 D:\WEB_Project\dev-test.com\vendor\laravel\lumen-framework\src\Concerns\RoutesRequests.php(316): Laravel\Lumen\Application->callLumenController(Object(App\Http\Controllers\SearchController), 'search', Array)
#11 D:\WEB_Project\dev-test.com\vendor\laravel\lumen-framework\src\Concerns\RoutesRequests.php(278): Laravel\Lumen\Application->callControllerAction(Array)
#12 D:\WEB_Project\dev-test.com\vendor\laravel\lumen-framework\src\Concerns\RoutesRequests.php(263): Laravel\Lumen\Application->callActionOnArrayBasedRoute(Array)
#13 D:\WEB_Project\dev-test.com\vendor\laravel\lumen-framework\src\Concerns\RoutesRequests.php(165): Laravel\Lumen\Application->handleFoundRoute(Array)
#14 D:\WEB_Project\dev-test.com\vendor\laravel\lumen-framework\src\Concerns\RoutesRequests.php(416): Laravel\Lumen\Application->Laravel\Lumen\Concerns\{closure}(Object(Laravel\Lumen\Http\Request))
#15 D:\WEB_Project\dev-test.com\vendor\laravel\lumen-framework\src\Concerns\RoutesRequests.php(171): Laravel\Lumen\Application->sendThroughPipeline(Array, Object(Closure))
#16 D:\WEB_Project\dev-test.com\vendor\laravel\lumen-framework\src\Concerns\RoutesRequests.php(108): Laravel\Lumen\Application->dispatch(NULL)
#17 D:\WEB_Project\dev-test.com\public\index.php(28): Laravel\Lumen\Application->run()
#18 {main} {"exception":"[object] (ErrorException(code: 0): Class 'Form' not found (View: D:\\WEB_Project\\dev-test.com\esources\\views\\search.blade.php) at D:\\WEB_Project\\dev-test.com\\storage\\framework\\views\\6c9c696e859704e90ca92148c97520bf4a192bb4.php:3, Symfony\\Component\\Debug\\Exception\\FatalThrowableError(code: 0): Class 'Form' not found at D:\\WEB_Project\\dev-test.com\\storage\\framework\\views\\6c9c696e859704e90ca92148c97520bf4a192bb4.php:3)
[stacktrace]
#0 D:\\WEB_Project\\dev-test.com\\vendor\\illuminate\\view\\Engines\\PhpEngine.php(47): Illuminate\\View\\Engines\\CompilerEngine->handleViewException(Object(Symfony\\Component\\Debug\\Exception\\FatalThrowableError), 0)
#1 D:\\WEB_Project\\dev-test.com\\vendor\\illuminate\\view\\Engines\\CompilerEngine.php(59): Illuminate\\View\\Engines\\PhpEngine->evaluatePath('D:\\\\WEB_Project\\\\...', Array)
#2 D:\\WEB_Project\\dev-test.com\\vendor\\illuminate\\view\\View.php(142): Illuminate\\View\\Engines\\CompilerEngine->get('D:\\\\WEB_Project\\\\...', Array)
#3 D:\\WEB_Project\\dev-test.com\\vendor\\illuminate\\view\\View.php(125): Illuminate\\View\\View->getContents()
#4 D:\\WEB_Project\\dev-test.com\\vendor\\illuminate\\view\\View.php(90): Illuminate\\View\\View->renderContents()
#5 D:\\WEB_Project\\dev-test.com\\vendor\\illuminate\\http\\Response.php(42): Illuminate\\View\\View->render()
#6 D:\\WEB_Project\\dev-test.com\\vendor\\symfony\\http-foundation\\Response.php(202): Illuminate\\Http\\Response->setContent(Object(Illuminate\\View\\View))
#7 D:\\WEB_Project\\dev-test.com\\vendor\\laravel\\lumen-framework\\src\\Concerns\\RoutesRequests.php(436): Symfony\\Component\\HttpFoundation\\Response->__construct(Object(Illuminate\\View\\View))
#8 D:\\WEB_Project\\dev-test.com\\vendor\\laravel\\lumen-framework\\src\\Concerns\\RoutesRequests.php(376): Laravel\\Lumen\\Application->prepareResponse(Object(Illuminate\\View\\View))
#9 D:\\WEB_Project\\dev-test.com\\vendor\\laravel\\lumen-framework\\src\\Concerns\\RoutesRequests.php(342): Laravel\\Lumen\\Application->callControllerCallable(Array, Array)
#10 D:\\WEB_Project\\dev-test.com\\vendor\\laravel\\lumen-framework\\src\\Concerns\\RoutesRequests.php(316): Laravel\\Lumen\\Application->callLumenController(Object(App\\Http\\Controllers\\SearchController), 'search', Array)
#11 D:\\WEB_Project\\dev-test.com\\vendor\\laravel\\lumen-framework\\src\\Concerns\\RoutesRequests.php(278): Laravel\\Lumen\\Application->callControllerAction(Array)
#12 D:\\WEB_Project\\dev-test.com\\vendor\\laravel\\lumen-framework\\src\\Concerns\\RoutesRequests.php(263): Laravel\\Lumen\\Application->callActionOnArrayBasedRoute(Array)
#13 D:\\WEB_Project\\dev-test.com\\vendor\\laravel\\lumen-framework\\src\\Concerns\\RoutesRequests.php(165): Laravel\\Lumen\\Application->handleFoundRoute(Array)
#14 D:\\WEB_Project\\dev-test.com\\vendor\\laravel\\lumen-framework\\src\\Concerns\\RoutesRequests.php(416): Laravel\\Lumen\\Application->Laravel\\Lumen\\Concerns\\{closure}(Object(Laravel\\Lumen\\Http\\Request))
#15 D:\\WEB_Project\\dev-test.com\\vendor\\laravel\\lumen-framework\\src\\Concerns\\RoutesRequests.php(171): Laravel\\Lumen\\Application->sendThroughPipeline(Array, Object(Closure))
#16 D:\\WEB_Project\\dev-test.com\\vendor\\laravel\\lumen-framework\\src\\Concerns\\RoutesRequests.php(108): Laravel\\Lumen\\Application->dispatch(NULL)
#17 D:\\WEB_Project\\dev-test.com\\public\\index.php(28): Laravel\\Lumen\\Application->run()
#18 {main}
"} 
