[2019-03-31 10:45:57] local.ERROR: Symfony\Component\Debug\Exception\FatalThrowableError: Call to a member function connection() on null in D:\WEB_Project\dev-test.com\vendor\illuminate\database\Eloquent\Model.php:1247
Stack trace:
#0 D:\WEB_Project\dev-test.com\vendor\illuminate\database\Eloquent\Model.php(1213): Illuminate\Database\Eloquent\Model::resolveConnection(NULL)
#1 D:\WEB_Project\dev-test.com\vendor\illuminate\database\Eloquent\Model.php(1047): Illuminate\Database\Eloquent\Model->getConnection()
#2 D:\WEB_Project\dev-test.com\vendor\illuminate\database\Eloquent\Model.php(964): Illuminate\Database\Eloquent\Model->newBaseQueryBuilder()
#3 D:\WEB_Project\dev-test.com\vendor\illuminate\database\Eloquent\Model.php(1000): Illuminate\Database\Eloquent\Model->newModelQuery()
#4 D:\WEB_Project\dev-test.com\vendor\illuminate\database\Eloquent\Model.php(953): Illuminate\Database\Eloquent\Model->newQueryWithoutScopes()
#5 D:\WEB_Project\dev-test.com\vendor\illuminate\database\Eloquent\Model.php(943): Illuminate\Database\Eloquent\Model->newQuery()
#6 D:\WEB_Project\dev-test.com\vendor\illuminate\database\Eloquent\Model.php(457): Illuminate\Database\Eloquent\Model::query()
#7 D:\WEB_Project\dev-test.com\app\Http\Controllers\SearchController.php(342): Illuminate\Database\Eloquent\Model::all()
#8 [internal function]: App\Http\Controllers\SearchController->searchcityTEST()
#9 D:\WEB_Project\dev-test.com\vendor\illuminate\container\BoundMethod.php(32): call_user_func_array(Array, Array)
#10 D:\WEB_Project\dev-test.com\vendor\illuminate\container\BoundMethod.php(90): Illuminate\Container\BoundMethod::Illuminate\Container\{closure}()
#11 D:\WEB_Project\dev-test.com\vendor\illuminate\container\BoundMethod.php(34): Illuminate\Container\BoundMethod::callBoundMethod(Object(Laravel\Lumen\Application), Array, Object(Closure))
#12 D:\WEB_Project\dev-test.com\vendor\illuminate\container\Container.php(580): Illuminate\Container\BoundMethod::call(Object(Laravel\Lumen\Application), Array, Array, NULL)
#13 D:\WEB_Project\dev-test.com\vendor\laravel\lumen-framework\src\Concerns\RoutesRequests.php(376): Illuminate\Container\Container->call(Array, Array)
#14 D:\WEB_Project\dev-test.com\vendor\laravel\lumen-framework\src\Concerns\RoutesRequests.php(342): Laravel\Lumen\Application->callControllerCallable(Array, Array)
#15 D:\WEB_Project\dev-test.com\vendor\laravel\lumen-framework\src\Concerns\RoutesRequests.php(316): Laravel\Lumen\Application->callLumenController(Object(App\Http\Controllers\SearchController), 'searchcityTEST', Array)
#16 D:\WEB_Project\dev-test.com\vendor\laravel\lumen-framework\src\Concerns\RoutesRequests.php(278): Laravel\Lumen\Application->callControllerAction(Array)
#17 D:\WEB_Project\dev-test.com\vendor\laravel\lumen-framework\src\Concerns\RoutesRequests.php(263): Laravel\Lumen\Application->callActionOnArrayBasedRoute(Array)
#18 D:\WEB_Project\dev-test.com\vendor\laravel\lumen-framework\src\Concerns\RoutesRequests.php(165): Laravel\Lumen\Application->handleFoundRoute(Array)
#19 D:\WEB_Project\dev-test.com\vendor\laravel\lumen-framework\src\Concerns\RoutesRequests.php(416): Laravel\Lumen\Application->Laravel\Lumen\Concerns\{closure}(Object(Laravel\Lumen\Http\Request))
#20 D:\WEB_Project\dev-test.com\vendor\laravel\lumen-framework\src\Concerns\RoutesRequests.php(171): Laravel\Lumen\Application->sendThroughPipeline(Array, Object(Closure))
#21 D:\WEB_Project\dev-test.com\vendor\laravel\lumen-framework\src\Concerns\RoutesRequests.php(108): Laravel\Lumen\Application->dispatch(NULL)
#22 D:\WEB_Project\dev-test.com\public\index.php(28): Laravel\Lumen\Application->run()
#23 {main} {"exception":"[object] (Symfony\\Component\\Debug\\Exception\\FatalThrowableError(code: 0): Call to a member function connection() on null at D:\\WEB_Project\\dev-test.com\\vendor\\illuminate\\database\\Eloquent\\Model.php:1247)
[stacktrace]
#0 D:\\WEB_Project\\dev-test.com\\vendor\\illuminate\\database\\Eloquent\\Model.php(1213): Illuminate\\Database\\Eloquent\\Model::resolveConnection(NULL)
#1 D:\\WEB_Project\\dev-test.com\\vendor\\illuminate\\database\\Eloquent\\Model.php(1047): Illuminate\\Database\\Eloquent\\Model->getConnection()
#2 D:\\WEB_Project\\dev-test.com\\vendor\\illuminate\\database\\Eloquent\\Model.php(964): Illuminate\\Database\\Eloquent\\Model->newBaseQueryBuilder()
#3 D:\\WEB_Project\\dev-test.com\\vendor\\illuminate\\database\\Eloquent\\Model.php(1000): Illuminate\\Database\\Eloquent\\Model->newModelQuery()
#4 D:\\WEB_Project\\dev-test.com\\vendor\\illuminate\\database\\Eloquent\\Model.php(953): Illuminate\\Database\\Eloquent\\Model->newQueryWithoutScopes()
#5 D:\\WEB_Project\\dev-test.com\\vendor\\illuminate\\database\\Eloquent\\Model.php(943): Illuminate\\Database\\Eloquent\\Model->newQuery()
#6 D:\\WEB_Project\\dev-test.com\\vendor\\illuminate\\database\\Eloquent\\Model.php(457): Illuminate\\Database\\Eloquent\\Model::query()
#7 D:\\WEB_Project\\dev-test.com\\app\\Http\\Controllers\\SearchController.php(342): Illuminate\\Database\\Eloquent\\Model::all()
#8 [internal function]: App\\Http\\Controllers\\SearchController->searchcityTEST()
#9 D:\\WEB_Project\\dev-test.com\\vendor\\illuminate\\container\\BoundMethod.php(32): call_user_func_array(Array, Array)
#10 D:\\WEB_Project\\dev-test.com\\vendor\\illuminate\\container\\BoundMethod.php(90): Illuminate\\Container\\BoundMethod::Illuminate\\Container\\{closure}()
#11 D:\\WEB_Project\\dev-test.com\\vendor\\illuminate\\container\\BoundMethod.php(34): Illuminate\\Container\\BoundMethod::callBoundMethod(Object(Laravel\\Lumen\\Application), Array, Object(Closure))
#12 D:\\WEB_Project\\dev-test.com\\vendor\\illuminate\\container\\Container.php(580): Illuminate\\Container\\BoundMethod::call(Object(Laravel\\Lumen\\Application), Array, Array, NULL)
#13 D:\\WEB_Project\\dev-test.com\\vendor\\laravel\\lumen-framework\\src\\Concerns\\RoutesRequests.php(376): Illuminate\\Container\\Container->call(Array, Array)
#14 D:\\WEB_Project\\dev-test.com\\vendor\\laravel\\lumen-framework\\src\\Concerns\\RoutesRequests.php(342): Laravel\\Lumen\\Application->callControllerCallable(Array, Array)
#15 D:\\WEB_Project\\dev-test.com\\vendor\\laravel\\lumen-framework\\src\\Concerns\\RoutesRequests.php(316): Laravel\\Lumen\\Application->callLumenController(Object(App\\Http\\Controllers\\SearchController), 'searchcityTEST', Array)
#16 D:\\WEB_Project\\dev-test.com\\vendor\\laravel\\lumen-framework\\src\\Concerns\\RoutesRequests.php(278): Laravel\\Lumen\\Application->callControllerAction(Array)
#17 D:\\WEB_Project\\dev-test.com\\vendor\\laravel\\lumen-framework\\src\\Concerns\\RoutesRequests.php(263): Laravel\\Lumen\\Application->callActionOnArrayBasedRoute(Array)
#18 D:\\WEB_Project\\dev-test.com\\vendor\\laravel\\lumen-framework\\src\\Concerns\\RoutesRequests.php(165): Laravel\\Lumen\\Application->handleFoundRoute(Array)
#19 D:\\WEB_Project\\dev-test.com\\vendor\\laravel\\lumen-framework\\src\\Concerns\\RoutesRequests.php(416): Laravel\\Lumen\\Application->Laravel\\Lumen\\Concerns\\{closure}(Object(Laravel\\Lumen\\Http\\Request))
#20 D:\\WEB_Project\\dev-test.com\\vendor\\laravel\\lumen-framework\\src\\Concerns\\RoutesRequests.php(171): Laravel\\Lumen\\Application->sendThroughPipeline(Array, Object(Closure))
#21 D:\\WEB_Project\\dev-test.com\\vendor\\laravel\\lumen-framework\\src\\Concerns\\RoutesRequests.php(108): Laravel\\Lumen\\Application->dispatch(NULL)
#22 D:\\WEB_Project\\dev-test.com\\public\\index.php(28): Laravel\\Lumen\\Application->run()
#23 {main}
"} 
